<?xml version="1.0" encoding="UTF-8"?>
<!-- Generated by org.testng.reporters.JUnitXMLReporter -->
<testsuite ignored="12" hostname="DESKTOP-GQ18F8Q" failures="0" tests="6" name="Test" time="0.37" errors="0" timestamp="2023-12-04T12:34:48 IST">
  <testcase classname="testNgAnnotationandflags.Flag6" name="st1" time="0.034"/>
  <testcase classname="testNgAnnotationandflags.Flag6" name="st2" time="0.006"/>
  <testcase classname="testNgAnnotationandflags.Flag6" name="st3" time="0.008"/>
  <testcase classname="testNgAnnotationandflags.Flag6" name="st4" time="0.008"/>
  <testcase classname="testNgAnnotationandflags.Flag6" name="st5" time="0.012"/>
  <testcase classname="testNgAnnotationandflags.Flag6" name="st6" time="0.011"/>
  <testcase classname="testNgAnnotationandflags.Flag6" name="ft1" time="0.0">
    <ignored/>
  </testcase> <!-- ft1 -->
  <testcase classname="testNgAnnotationandflags.Flag6" name="it5" time="0.0">
    <ignored/>
  </testcase> <!-- it5 -->
  <testcase classname="testNgAnnotationandflags.Flag6" name="it1" time="0.0">
    <ignored/>
  </testcase> <!-- it1 -->
  <testcase classname="testNgAnnotationandflags.Flag6" name="ft6" time="0.0">
    <ignored/>
  </testcase> <!-- ft6 -->
  <testcase classname="testNgAnnotationandflags.Flag6" name="it4" time="0.0">
    <ignored/>
  </testcase> <!-- it4 -->
  <testcase classname="testNgAnnotationandflags.Flag6" name="ft4" time="0.0">
    <ignored/>
  </testcase> <!-- ft4 -->
  <testcase classname="testNgAnnotationandflags.Flag6" name="it3" time="0.0">
    <ignored/>
  </testcase> <!-- it3 -->
  <testcase classname="testNgAnnotationandflags.Flag6" name="it6" time="0.0">
    <ignored/>
  </testcase> <!-- it6 -->
  <testcase classname="testNgAnnotationandflags.Flag6" name="ft2" time="0.0">
    <ignored/>
  </testcase> <!-- ft2 -->
  <testcase classname="testNgAnnotationandflags.Flag6" name="ft5" time="0.0">
    <ignored/>
  </testcase> <!-- ft5 -->
  <testcase classname="testNgAnnotationandflags.Flag6" name="ft3" time="0.0">
    <ignored/>
  </testcase> <!-- ft3 -->
  <testcase classname="testNgAnnotationandflags.Flag6" name="it2" time="0.0">
    <ignored/>
  </testcase> <!-- it2 -->
</testsuite> <!-- Test -->
