<?xml version="1.0" encoding="UTF-8"?>
<!-- Generated by org.testng.reporters.JUnitReportReporter -->
<testsuite hostname="DESKTOP-GQ18F8Q" failures="0" tests="1000" name="testNgAnnotation.Flag3" time="2.980" errors="0" timestamp="2023-12-02T22:31:06 IST" skipped="0">
  <testcase classname="testNgAnnotation.Flag3" name="method1" time="0.001">
    <system-out>
      <![CDATA[Login !!!]]>
    </system-out>
  </testcase> <!-- method1 -->
  <testcase classname="testNgAnnotation.Flag3" name="method1" time="0.001">
    <system-out>
      <![CDATA[Login !!!]]>
    </system-out>
  </testcase> <!-- method1 -->
  <testcase classname="testNgAnnotation.Flag3" name="method1" time="0.002">
    <system-out>
      <![CDATA[Login !!!]]>
    </system-out>
  </testcase> <!-- method1 -->
  <testcase classname="testNgAnnotation.Flag3" name="method1" time="0.001">
    <system-out>
      <![CDATA[Login !!!]]>
    </system-out>
  </testcase> <!-- method1 -->
  <testcase classname="testNgAnnotation.Flag3" name="method1" time="0.001">
    <system-out>
      <![CDATA[Login !!!]]>
    </system-out>
  </testcase> <!-- method1 -->
  <testcase classname="testNgAnnotation.Flag3" name="method1" time="0.001">
    <system-out>
      <![CDATA[Login !!!]]>
    </system-out>
  </testcase> <!-- method1 -->
  <testcase classname="testNgAnnotation.Flag3" name="method1" time="0.004">
    <system-out>
      <![CDATA[Login !!!]]>
    </system-out>
  </testcase> <!-- method1 -->
  <testcase classname="testNgAnnotation.Flag3" name="method1" time="0.001">
    <system-out>
      <![CDATA[Login !!!]]>
    </system-out>
  </testcase> <!-- method1 -->
  <testcase classname="testNgAnnotation.Flag3" name="method1" time="0.002">
    <system-out>
      <![CDATA[Login !!!]]>
    </system-out>
  </testcase> <!-- method1 -->
  <testcase classname="testNgAnnotation.Flag3" name="method1" time="0.007">
    <system-out>
      <![CDATA[Login !!!]]>
    </system-out>
  </testcase> <!-- method1 -->
  <testcase classname="testNgAnnotation.Flag3" name="method1" time="0.002">
    <system-out>
      <![CDATA[Login !!!]]>
    </system-out>
  </testcase> <!-- method1 -->
  <testcase classname="testNgAnnotation.Flag3" name="method1" time="0.002">
    <system-out>
      <![CDATA[Login !!!]]>
    </system-out>
  </testcase> <!-- method1 -->
  <testcase classname="testNgAnnotation.Flag3" name="method1" time="0.001">
    <system-out>
      <![CDATA[Login !!!]]>
    </system-out>
  </testcase> <!-- method1 -->
  <testcase classname="testNgAnnotation.Flag3" name="method1" time="0.001">
    <system-out>
      <![CDATA[Login !!!]]>
    </system-out>
  </testcase> <!-- method1 -->
  <testcase classname="testNgAnnotation.Flag3" name="method1" time="0.001">
    <system-out>
      <![CDATA[Login !!!]]>
    </system-out>
  </testcase> <!-- method1 -->
  <testcase classname="testNgAnnotation.Flag3" name="method1" time="0.021">
    <system-out>
      <![CDATA[Login !!!]]>
    </system-out>
  </testcase> <!-- method1 -->
  <testcase classname="testNgAnnotation.Flag3" name="method1" time="0.001">
    <system-out>
      <![CDATA[Login !!!]]>
    </system-out>
  </testcase> <!-- method1 -->
  <testcase classname="testNgAnnotation.Flag3" name="method1" time="0.000">
    <system-out>
      <![CDATA[Login !!!]]>
    </system-out>
  </testcase> <!-- method1 -->
  <testcase classname="testNgAnnotation.Flag3" name="method1" time="0.011">
    <system-out>
      <![CDATA[Login !!!]]>
    </system-out>
  </testcase> <!-- method1 -->
  <testcase classname="testNgAnnotation.Flag3" name="method1" time="0.005">
    <system-out>
      <![CDATA[Login !!!]]>
    </system-out>
  </testcase> <!-- method1 -->
  <testcase classname="testNgAnnotation.Flag3" name="method1" time="0.001">
    <system-out>
      <![CDATA[Login !!!]]>
    </system-out>
  </testcase> <!-- method1 -->
  <testcase classname="testNgAnnotation.Flag3" name="method1" time="0.001">
    <system-out>
      <![CDATA[Login !!!]]>
    </system-out>
  </testcase> <!-- method1 -->
  <testcase classname="testNgAnnotation.Flag3" name="method1" time="0.000">
    <system-out>
      <![CDATA[Login !!!]]>
    </system-out>
  </testcase> <!-- method1 -->
  <testcase classname="testNgAnnotation.Flag3" name="method1" time="0.001">
    <system-out>
      <![CDATA[Login !!!]]>
    </system-out>
  </testcase> <!-- method1 -->
  <testcase classname="testNgAnnotation.Flag3" name="method1" time="0.002">
    <system-out>
      <![CDATA[Login !!!]]>
    </system-out>
  </testcase> <!-- method1 -->
  <testcase classname="testNgAnnotation.Flag3" name="method1" time="0.002">
    <system-out>
      <![CDATA[Login !!!]]>
    </system-out>
  </testcase> <!-- method1 -->
  <testcase classname="testNgAnnotation.Flag3" name="method1" time="0.004">
    <system-out>
      <![CDATA[Login !!!]]>
    </system-out>
  </testcase> <!-- method1 -->
  <testcase classname="testNgAnnotation.Flag3" name="method1" time="0.008">
    <system-out>
      <![CDATA[Login !!!]]>
    </system-out>
  </testcase> <!-- method1 -->
  <testcase classname="testNgAnnotation.Flag3" name="method1" time="0.006">
    <system-out>
      <![CDATA[Login !!!]]>
    </system-out>
  </testcase> <!-- method1 -->
  <testcase classname="testNgAnnotation.Flag3" name="method1" time="0.001">
    <system-out>
      <![CDATA[Login !!!]]>
    </system-out>
  </testcase> <!-- method1 -->
  <testcase classname="testNgAnnotation.Flag3" name="method1" time="0.000">
    <system-out>
      <![CDATA[Login !!!]]>
    </system-out>
  </testcase> <!-- method1 -->
  <testcase classname="testNgAnnotation.Flag3" name="method1" time="0.012">
    <system-out>
      <![CDATA[Login !!!]]>
    </system-out>
  </testcase> <!-- method1 -->
  <testcase classname="testNgAnnotation.Flag3" name="method1" time="0.001">
    <system-out>
      <![CDATA[Login !!!]]>
    </system-out>
  </testcase> <!-- method1 -->
  <testcase classname="testNgAnnotation.Flag3" name="method1" time="0.001">
    <system-out>
      <![CDATA[Login !!!]]>
    </system-out>
  </testcase> <!-- method1 -->
  <testcase classname="testNgAnnotation.Flag3" name="method1" time="0.002">
    <system-out>
      <![CDATA[Login !!!]]>
    </system-out>
  </testcase> <!-- method1 -->
  <testcase classname="testNgAnnotation.Flag3" name="method1" time="0.002">
    <system-out>
      <![CDATA[Login !!!]]>
    </system-out>
  </testcase> <!-- method1 -->
  <testcase classname="testNgAnnotation.Flag3" name="method1" time="0.001">
    <system-out>
      <![CDATA[Login !!!]]>
    </system-out>
  </testcase> <!-- method1 -->
  <testcase classname="testNgAnnotation.Flag3" name="method1" time="0.002">
    <system-out>
      <![CDATA[Login !!!]]>
    </system-out>
  </testcase> <!-- method1 -->
  <testcase classname="testNgAnnotation.Flag3" name="method1" time="0.002">
    <system-out>
      <![CDATA[Login !!!]]>
    </system-out>
  </testcase> <!-- method1 -->
  <testcase classname="testNgAnnotation.Flag3" name="method1" time="0.002">
    <system-out>
      <![CDATA[Login !!!]]>
    </system-out>
  </testcase> <!-- method1 -->
  <testcase classname="testNgAnnotation.Flag3" name="method1" time="0.004">
    <system-out>
      <![CDATA[Login !!!]]>
    </system-out>
  </testcase> <!-- method1 -->
  <testcase classname="testNgAnnotation.Flag3" name="method1" time="0.011">
    <system-out>
      <![CDATA[Login !!!]]>
    </system-out>
  </testcase> <!-- method1 -->
  <testcase classname="testNgAnnotation.Flag3" name="method1" time="0.001">
    <system-out>
      <![CDATA[Login !!!]]>
    </system-out>
  </testcase> <!-- method1 -->
  <testcase classname="testNgAnnotation.Flag3" name="method1" time="0.001">
    <system-out>
      <![CDATA[Login !!!]]>
    </system-out>
  </testcase> <!-- method1 -->
  <testcase classname="testNgAnnotation.Flag3" name="method1" time="0.015">
    <system-out>
      <![CDATA[Login !!!]]>
    </system-out>
  </testcase> <!-- method1 -->
  <testcase classname="testNgAnnotation.Flag3" name="method1" time="0.001">
    <system-out>
      <![CDATA[Login !!!]]>
    </system-out>
  </testcase> <!-- method1 -->
  <testcase classname="testNgAnnotation.Flag3" name="method1" time="0.001">
    <system-out>
      <![CDATA[Login !!!]]>
    </system-out>
  </testcase> <!-- method1 -->
  <testcase classname="testNgAnnotation.Flag3" name="method1" time="0.002">
    <system-out>
      <![CDATA[Login !!!]]>
    </system-out>
  </testcase> <!-- method1 -->
  <testcase classname="testNgAnnotation.Flag3" name="method1" time="0.001">
    <system-out>
      <![CDATA[Login !!!]]>
    </system-out>
  </testcase> <!-- method1 -->
  <testcase classname="testNgAnnotation.Flag3" name="method1" time="0.001">
    <system-out>
      <![CDATA[Login !!!]]>
    </system-out>
  </testcase> <!-- method1 -->
  <testcase classname="testNgAnnotation.Flag3" name="method1" time="0.001">
    <system-out>
      <![CDATA[Login !!!]]>
    </system-out>
  </testcase> <!-- method1 -->
  <testcase classname="testNgAnnotation.Flag3" name="method1" time="0.001">
    <system-out>
      <![CDATA[Login !!!]]>
    </system-out>
  </testcase> <!-- method1 -->
  <testcase classname="testNgAnnotation.Flag3" name="method1" time="0.001">
    <system-out>
      <![CDATA[Login !!!]]>
    </system-out>
  </testcase> <!-- method1 -->
  <testcase classname="testNgAnnotation.Flag3" name="method1" time="0.001">
    <system-out>
      <![CDATA[Login !!!]]>
    </system-out>
  </testcase> <!-- method1 -->
  <testcase classname="testNgAnnotation.Flag3" name="method1" time="0.001">
    <system-out>
      <![CDATA[Login !!!]]>
    </system-out>
  </testcase> <!-- method1 -->
  <testcase classname="testNgAnnotation.Flag3" name="method1" time="0.014">
    <system-out>
      <![CDATA[Login !!!]]>
    </system-out>
  </testcase> <!-- method1 -->
  <testcase classname="testNgAnnotation.Flag3" name="method1" time="0.001">
    <system-out>
      <![CDATA[Login !!!]]>
    </system-out>
  </testcase> <!-- method1 -->
  <testcase classname="testNgAnnotation.Flag3" name="method1" time="0.001">
    <system-out>
      <![CDATA[Login !!!]]>
    </system-out>
  </testcase> <!-- method1 -->
  <testcase classname="testNgAnnotation.Flag3" name="method1" time="0.001">
    <system-out>
      <![CDATA[Login !!!]]>
    </system-out>
  </testcase> <!-- method1 -->
  <testcase classname="testNgAnnotation.Flag3" name="method1" time="0.000">
    <system-out>
      <![CDATA[Login !!!]]>
    </system-out>
  </testcase> <!-- method1 -->
  <testcase classname="testNgAnnotation.Flag3" name="method1" time="0.004">
    <system-out>
      <![CDATA[Login !!!]]>
    </system-out>
  </testcase> <!-- method1 -->
  <testcase classname="testNgAnnotation.Flag3" name="method1" time="0.001">
    <system-out>
      <![CDATA[Login !!!]]>
    </system-out>
  </testcase> <!-- method1 -->
  <testcase classname="testNgAnnotation.Flag3" name="method1" time="0.002">
    <system-out>
      <![CDATA[Login !!!]]>
    </system-out>
  </testcase> <!-- method1 -->
  <testcase classname="testNgAnnotation.Flag3" name="method1" time="0.001">
    <system-out>
      <![CDATA[Login !!!]]>
    </system-out>
  </testcase> <!-- method1 -->
  <testcase classname="testNgAnnotation.Flag3" name="method1" time="0.002">
    <system-out>
      <![CDATA[Login !!!]]>
    </system-out>
  </testcase> <!-- method1 -->
  <testcase classname="testNgAnnotation.Flag3" name="method1" time="0.005">
    <system-out>
      <![CDATA[Login !!!]]>
    </system-out>
  </testcase> <!-- method1 -->
  <testcase classname="testNgAnnotation.Flag3" name="method1" time="0.002">
    <system-out>
      <![CDATA[Login !!!]]>
    </system-out>
  </testcase> <!-- method1 -->
  <testcase classname="testNgAnnotation.Flag3" name="method1" time="0.001">
    <system-out>
      <![CDATA[Login !!!]]>
    </system-out>
  </testcase> <!-- method1 -->
  <testcase classname="testNgAnnotation.Flag3" name="method1" time="0.000">
    <system-out>
      <![CDATA[Login !!!]]>
    </system-out>
  </testcase> <!-- method1 -->
  <testcase classname="testNgAnnotation.Flag3" name="method1" time="0.001">
    <system-out>
      <![CDATA[Login !!!]]>
    </system-out>
  </testcase> <!-- method1 -->
  <testcase classname="testNgAnnotation.Flag3" name="method1" time="0.008">
    <system-out>
      <![CDATA[Login !!!]]>
    </system-out>
  </testcase> <!-- method1 -->
  <testcase classname="testNgAnnotation.Flag3" name="method1" time="0.001">
    <system-out>
      <![CDATA[Login !!!]]>
    </system-out>
  </testcase> <!-- method1 -->
  <testcase classname="testNgAnnotation.Flag3" name="method1" time="0.005">
    <system-out>
      <![CDATA[Login !!!]]>
    </system-out>
  </testcase> <!-- method1 -->
  <testcase classname="testNgAnnotation.Flag3" name="method1" time="0.000">
    <system-out>
      <![CDATA[Login !!!]]>
    </system-out>
  </testcase> <!-- method1 -->
  <testcase classname="testNgAnnotation.Flag3" name="method1" time="0.001">
    <system-out>
      <![CDATA[Login !!!]]>
    </system-out>
  </testcase> <!-- method1 -->
  <testcase classname="testNgAnnotation.Flag3" name="method1" time="0.001">
    <system-out>
      <![CDATA[Login !!!]]>
    </system-out>
  </testcase> <!-- method1 -->
  <testcase classname="testNgAnnotation.Flag3" name="method1" time="0.001">
    <system-out>
      <![CDATA[Login !!!]]>
    </system-out>
  </testcase> <!-- method1 -->
  <testcase classname="testNgAnnotation.Flag3" name="method1" time="0.001">
    <system-out>
      <![CDATA[Login !!!]]>
    </system-out>
  </testcase> <!-- method1 -->
  <testcase classname="testNgAnnotation.Flag3" name="method1" time="0.005">
    <system-out>
      <![CDATA[Login !!!]]>
    </system-out>
  </testcase> <!-- method1 -->
  <testcase classname="testNgAnnotation.Flag3" name="method1" time="0.002">
    <system-out>
      <![CDATA[Login !!!]]>
    </system-out>
  </testcase> <!-- method1 -->
  <testcase classname="testNgAnnotation.Flag3" name="method1" time="0.001">
    <system-out>
      <![CDATA[Login !!!]]>
    </system-out>
  </testcase> <!-- method1 -->
  <testcase classname="testNgAnnotation.Flag3" name="method1" time="0.002">
    <system-out>
      <![CDATA[Login !!!]]>
    </system-out>
  </testcase> <!-- method1 -->
  <testcase classname="testNgAnnotation.Flag3" name="method1" time="0.001">
    <system-out>
      <![CDATA[Login !!!]]>
    </system-out>
  </testcase> <!-- method1 -->
  <testcase classname="testNgAnnotation.Flag3" name="method1" time="0.002">
    <system-out>
      <![CDATA[Login !!!]]>
    </system-out>
  </testcase> <!-- method1 -->
  <testcase classname="testNgAnnotation.Flag3" name="method1" time="0.001">
    <system-out>
      <![CDATA[Login !!!]]>
    </system-out>
  </testcase> <!-- method1 -->
  <testcase classname="testNgAnnotation.Flag3" name="method1" time="0.005">
    <system-out>
      <![CDATA[Login !!!]]>
    </system-out>
  </testcase> <!-- method1 -->
  <testcase classname="testNgAnnotation.Flag3" name="method1" time="0.001">
    <system-out>
      <![CDATA[Login !!!]]>
    </system-out>
  </testcase> <!-- method1 -->
  <testcase classname="testNgAnnotation.Flag3" name="method1" time="0.002">
    <system-out>
      <![CDATA[Login !!!]]>
    </system-out>
  </testcase> <!-- method1 -->
  <testcase classname="testNgAnnotation.Flag3" name="method1" time="0.001">
    <system-out>
      <![CDATA[Login !!!]]>
    </system-out>
  </testcase> <!-- method1 -->
  <testcase classname="testNgAnnotation.Flag3" name="method1" time="0.007">
    <system-out>
      <![CDATA[Login !!!]]>
    </system-out>
  </testcase> <!-- method1 -->
  <testcase classname="testNgAnnotation.Flag3" name="method1" time="0.029">
    <system-out>
      <![CDATA[Login !!!]]>
    </system-out>
  </testcase> <!-- method1 -->
  <testcase classname="testNgAnnotation.Flag3" name="method1" time="0.002">
    <system-out>
      <![CDATA[Login !!!]]>
    </system-out>
  </testcase> <!-- method1 -->
  <testcase classname="testNgAnnotation.Flag3" name="method1" time="0.001">
    <system-out>
      <![CDATA[Login !!!]]>
    </system-out>
  </testcase> <!-- method1 -->
  <testcase classname="testNgAnnotation.Flag3" name="method1" time="0.001">
    <system-out>
      <![CDATA[Login !!!]]>
    </system-out>
  </testcase> <!-- method1 -->
  <testcase classname="testNgAnnotation.Flag3" name="method1" time="0.001">
    <system-out>
      <![CDATA[Login !!!]]>
    </system-out>
  </testcase> <!-- method1 -->
  <testcase classname="testNgAnnotation.Flag3" name="method1" time="0.000">
    <system-out>
      <![CDATA[Login !!!]]>
    </system-out>
  </testcase> <!-- method1 -->
  <testcase classname="testNgAnnotation.Flag3" name="method1" time="0.004">
    <system-out>
      <![CDATA[Login !!!]]>
    </system-out>
  </testcase> <!-- method1 -->
  <testcase classname="testNgAnnotation.Flag3" name="method1" time="0.002">
    <system-out>
      <![CDATA[Login !!!]]>
    </system-out>
  </testcase> <!-- method1 -->
  <testcase classname="testNgAnnotation.Flag3" name="method1" time="0.000">
    <system-out>
      <![CDATA[Login !!!]]>
    </system-out>
  </testcase> <!-- method1 -->
  <testcase classname="testNgAnnotation.Flag3" name="method1" time="0.001">
    <system-out>
      <![CDATA[Login !!!]]>
    </system-out>
  </testcase> <!-- method1 -->
  <testcase classname="testNgAnnotation.Flag3" name="method1" time="0.001">
    <system-out>
      <![CDATA[Login !!!]]>
    </system-out>
  </testcase> <!-- method1 -->
  <testcase classname="testNgAnnotation.Flag3" name="method1" time="0.001">
    <system-out>
      <![CDATA[Login !!!]]>
    </system-out>
  </testcase> <!-- method1 -->
  <testcase classname="testNgAnnotation.Flag3" name="method1" time="0.001">
    <system-out>
      <![CDATA[Login !!!]]>
    </system-out>
  </testcase> <!-- method1 -->
  <testcase classname="testNgAnnotation.Flag3" name="method1" time="0.001">
    <system-out>
      <![CDATA[Login !!!]]>
    </system-out>
  </testcase> <!-- method1 -->
  <testcase classname="testNgAnnotation.Flag3" name="method1" time="0.000">
    <system-out>
      <![CDATA[Login !!!]]>
    </system-out>
  </testcase> <!-- method1 -->
  <testcase classname="testNgAnnotation.Flag3" name="method1" time="0.000">
    <system-out>
      <![CDATA[Login !!!]]>
    </system-out>
  </testcase> <!-- method1 -->
  <testcase classname="testNgAnnotation.Flag3" name="method1" time="0.001">
    <system-out>
      <![CDATA[Login !!!]]>
    </system-out>
  </testcase> <!-- method1 -->
  <testcase classname="testNgAnnotation.Flag3" name="method1" time="0.001">
    <system-out>
      <![CDATA[Login !!!]]>
    </system-out>
  </testcase> <!-- method1 -->
  <testcase classname="testNgAnnotation.Flag3" name="method1" time="0.001">
    <system-out>
      <![CDATA[Login !!!]]>
    </system-out>
  </testcase> <!-- method1 -->
  <testcase classname="testNgAnnotation.Flag3" name="method1" time="0.001">
    <system-out>
      <![CDATA[Login !!!]]>
    </system-out>
  </testcase> <!-- method1 -->
  <testcase classname="testNgAnnotation.Flag3" name="method1" time="0.001">
    <system-out>
      <![CDATA[Login !!!]]>
    </system-out>
  </testcase> <!-- method1 -->
  <testcase classname="testNgAnnotation.Flag3" name="method1" time="0.001">
    <system-out>
      <![CDATA[Login !!!]]>
    </system-out>
  </testcase> <!-- method1 -->
  <testcase classname="testNgAnnotation.Flag3" name="method1" time="0.016">
    <system-out>
      <![CDATA[Login !!!]]>
    </system-out>
  </testcase> <!-- method1 -->
  <testcase classname="testNgAnnotation.Flag3" name="method1" time="0.001">
    <system-out>
      <![CDATA[Login !!!]]>
    </system-out>
  </testcase> <!-- method1 -->
  <testcase classname="testNgAnnotation.Flag3" name="method1" time="0.013">
    <system-out>
      <![CDATA[Login !!!]]>
    </system-out>
  </testcase> <!-- method1 -->
  <testcase classname="testNgAnnotation.Flag3" name="method1" time="0.001">
    <system-out>
      <![CDATA[Login !!!]]>
    </system-out>
  </testcase> <!-- method1 -->
  <testcase classname="testNgAnnotation.Flag3" name="method1" time="0.001">
    <system-out>
      <![CDATA[Login !!!]]>
    </system-out>
  </testcase> <!-- method1 -->
  <testcase classname="testNgAnnotation.Flag3" name="method1" time="0.003">
    <system-out>
      <![CDATA[Login !!!]]>
    </system-out>
  </testcase> <!-- method1 -->
  <testcase classname="testNgAnnotation.Flag3" name="method1" time="0.010">
    <system-out>
      <![CDATA[Login !!!]]>
    </system-out>
  </testcase> <!-- method1 -->
  <testcase classname="testNgAnnotation.Flag3" name="method1" time="0.001">
    <system-out>
      <![CDATA[Login !!!]]>
    </system-out>
  </testcase> <!-- method1 -->
  <testcase classname="testNgAnnotation.Flag3" name="method1" time="0.001">
    <system-out>
      <![CDATA[Login !!!]]>
    </system-out>
  </testcase> <!-- method1 -->
  <testcase classname="testNgAnnotation.Flag3" name="method1" time="0.004">
    <system-out>
      <![CDATA[Login !!!]]>
    </system-out>
  </testcase> <!-- method1 -->
  <testcase classname="testNgAnnotation.Flag3" name="method1" time="0.001">
    <system-out>
      <![CDATA[Login !!!]]>
    </system-out>
  </testcase> <!-- method1 -->
  <testcase classname="testNgAnnotation.Flag3" name="method1" time="0.001">
    <system-out>
      <![CDATA[Login !!!]]>
    </system-out>
  </testcase> <!-- method1 -->
  <testcase classname="testNgAnnotation.Flag3" name="method1" time="0.001">
    <system-out>
      <![CDATA[Login !!!]]>
    </system-out>
  </testcase> <!-- method1 -->
  <testcase classname="testNgAnnotation.Flag3" name="method1" time="0.001">
    <system-out>
      <![CDATA[Login !!!]]>
    </system-out>
  </testcase> <!-- method1 -->
  <testcase classname="testNgAnnotation.Flag3" name="method1" time="0.002">
    <system-out>
      <![CDATA[Login !!!]]>
    </system-out>
  </testcase> <!-- method1 -->
  <testcase classname="testNgAnnotation.Flag3" name="method1" time="0.001">
    <system-out>
      <![CDATA[Login !!!]]>
    </system-out>
  </testcase> <!-- method1 -->
  <testcase classname="testNgAnnotation.Flag3" name="method1" time="0.000">
    <system-out>
      <![CDATA[Login !!!]]>
    </system-out>
  </testcase> <!-- method1 -->
  <testcase classname="testNgAnnotation.Flag3" name="method1" time="0.002">
    <system-out>
      <![CDATA[Login !!!]]>
    </system-out>
  </testcase> <!-- method1 -->
  <testcase classname="testNgAnnotation.Flag3" name="method1" time="0.001">
    <system-out>
      <![CDATA[Login !!!]]>
    </system-out>
  </testcase> <!-- method1 -->
  <testcase classname="testNgAnnotation.Flag3" name="method1" time="0.001">
    <system-out>
      <![CDATA[Login !!!]]>
    </system-out>
  </testcase> <!-- method1 -->
  <testcase classname="testNgAnnotation.Flag3" name="method1" time="0.001">
    <system-out>
      <![CDATA[Login !!!]]>
    </system-out>
  </testcase> <!-- method1 -->
  <testcase classname="testNgAnnotation.Flag3" name="method1" time="0.001">
    <system-out>
      <![CDATA[Login !!!]]>
    </system-out>
  </testcase> <!-- method1 -->
  <testcase classname="testNgAnnotation.Flag3" name="method1" time="0.001">
    <system-out>
      <![CDATA[Login !!!]]>
    </system-out>
  </testcase> <!-- method1 -->
  <testcase classname="testNgAnnotation.Flag3" name="method1" time="0.001">
    <system-out>
      <![CDATA[Login !!!]]>
    </system-out>
  </testcase> <!-- method1 -->
  <testcase classname="testNgAnnotation.Flag3" name="method1" time="0.000">
    <system-out>
      <![CDATA[Login !!!]]>
    </system-out>
  </testcase> <!-- method1 -->
  <testcase classname="testNgAnnotation.Flag3" name="method1" time="0.000">
    <system-out>
      <![CDATA[Login !!!]]>
    </system-out>
  </testcase> <!-- method1 -->
  <testcase classname="testNgAnnotation.Flag3" name="method1" time="0.001">
    <system-out>
      <![CDATA[Login !!!]]>
    </system-out>
  </testcase> <!-- method1 -->
  <testcase classname="testNgAnnotation.Flag3" name="method1" time="0.002">
    <system-out>
      <![CDATA[Login !!!]]>
    </system-out>
  </testcase> <!-- method1 -->
  <testcase classname="testNgAnnotation.Flag3" name="method1" time="0.000">
    <system-out>
      <![CDATA[Login !!!]]>
    </system-out>
  </testcase> <!-- method1 -->
  <testcase classname="testNgAnnotation.Flag3" name="method1" time="0.002">
    <system-out>
      <![CDATA[Login !!!]]>
    </system-out>
  </testcase> <!-- method1 -->
  <testcase classname="testNgAnnotation.Flag3" name="method1" time="0.002">
    <system-out>
      <![CDATA[Login !!!]]>
    </system-out>
  </testcase> <!-- method1 -->
  <testcase classname="testNgAnnotation.Flag3" name="method1" time="0.001">
    <system-out>
      <![CDATA[Login !!!]]>
    </system-out>
  </testcase> <!-- method1 -->
  <testcase classname="testNgAnnotation.Flag3" name="method1" time="0.001">
    <system-out>
      <![CDATA[Login !!!]]>
    </system-out>
  </testcase> <!-- method1 -->
  <testcase classname="testNgAnnotation.Flag3" name="method1" time="0.002">
    <system-out>
      <![CDATA[Login !!!]]>
    </system-out>
  </testcase> <!-- method1 -->
  <testcase classname="testNgAnnotation.Flag3" name="method1" time="0.000">
    <system-out>
      <![CDATA[Login !!!]]>
    </system-out>
  </testcase> <!-- method1 -->
  <testcase classname="testNgAnnotation.Flag3" name="method1" time="0.000">
    <system-out>
      <![CDATA[Login !!!]]>
    </system-out>
  </testcase> <!-- method1 -->
  <testcase classname="testNgAnnotation.Flag3" name="method1" time="0.001">
    <system-out>
      <![CDATA[Login !!!]]>
    </system-out>
  </testcase> <!-- method1 -->
  <testcase classname="testNgAnnotation.Flag3" name="method1" time="0.001">
    <system-out>
      <![CDATA[Login !!!]]>
    </system-out>
  </testcase> <!-- method1 -->
  <testcase classname="testNgAnnotation.Flag3" name="method1" time="0.009">
    <system-out>
      <![CDATA[Login !!!]]>
    </system-out>
  </testcase> <!-- method1 -->
  <testcase classname="testNgAnnotation.Flag3" name="method1" time="0.002">
    <system-out>
      <![CDATA[Login !!!]]>
    </system-out>
  </testcase> <!-- method1 -->
  <testcase classname="testNgAnnotation.Flag3" name="method1" time="0.002">
    <system-out>
      <![CDATA[Login !!!]]>
    </system-out>
  </testcase> <!-- method1 -->
  <testcase classname="testNgAnnotation.Flag3" name="method1" time="0.001">
    <system-out>
      <![CDATA[Login !!!]]>
    </system-out>
  </testcase> <!-- method1 -->
  <testcase classname="testNgAnnotation.Flag3" name="method1" time="0.003">
    <system-out>
      <![CDATA[Login !!!]]>
    </system-out>
  </testcase> <!-- method1 -->
  <testcase classname="testNgAnnotation.Flag3" name="method1" time="0.008">
    <system-out>
      <![CDATA[Login !!!]]>
    </system-out>
  </testcase> <!-- method1 -->
  <testcase classname="testNgAnnotation.Flag3" name="method1" time="0.002">
    <system-out>
      <![CDATA[Login !!!]]>
    </system-out>
  </testcase> <!-- method1 -->
  <testcase classname="testNgAnnotation.Flag3" name="method1" time="0.001">
    <system-out>
      <![CDATA[Login !!!]]>
    </system-out>
  </testcase> <!-- method1 -->
  <testcase classname="testNgAnnotation.Flag3" name="method1" time="0.002">
    <system-out>
      <![CDATA[Login !!!]]>
    </system-out>
  </testcase> <!-- method1 -->
  <testcase classname="testNgAnnotation.Flag3" name="method1" time="0.001">
    <system-out>
      <![CDATA[Login !!!]]>
    </system-out>
  </testcase> <!-- method1 -->
  <testcase classname="testNgAnnotation.Flag3" name="method1" time="0.001">
    <system-out>
      <![CDATA[Login !!!]]>
    </system-out>
  </testcase> <!-- method1 -->
  <testcase classname="testNgAnnotation.Flag3" name="method1" time="0.001">
    <system-out>
      <![CDATA[Login !!!]]>
    </system-out>
  </testcase> <!-- method1 -->
  <testcase classname="testNgAnnotation.Flag3" name="method1" time="0.000">
    <system-out>
      <![CDATA[Login !!!]]>
    </system-out>
  </testcase> <!-- method1 -->
  <testcase classname="testNgAnnotation.Flag3" name="method1" time="0.001">
    <system-out>
      <![CDATA[Login !!!]]>
    </system-out>
  </testcase> <!-- method1 -->
  <testcase classname="testNgAnnotation.Flag3" name="method1" time="0.001">
    <system-out>
      <![CDATA[Login !!!]]>
    </system-out>
  </testcase> <!-- method1 -->
  <testcase classname="testNgAnnotation.Flag3" name="method1" time="0.001">
    <system-out>
      <![CDATA[Login !!!]]>
    </system-out>
  </testcase> <!-- method1 -->
  <testcase classname="testNgAnnotation.Flag3" name="method1" time="0.001">
    <system-out>
      <![CDATA[Login !!!]]>
    </system-out>
  </testcase> <!-- method1 -->
  <testcase classname="testNgAnnotation.Flag3" name="method1" time="0.002">
    <system-out>
      <![CDATA[Login !!!]]>
    </system-out>
  </testcase> <!-- method1 -->
  <testcase classname="testNgAnnotation.Flag3" name="method1" time="0.008">
    <system-out>
      <![CDATA[Login !!!]]>
    </system-out>
  </testcase> <!-- method1 -->
  <testcase classname="testNgAnnotation.Flag3" name="method1" time="0.001">
    <system-out>
      <![CDATA[Login !!!]]>
    </system-out>
  </testcase> <!-- method1 -->
  <testcase classname="testNgAnnotation.Flag3" name="method1" time="0.001">
    <system-out>
      <![CDATA[Login !!!]]>
    </system-out>
  </testcase> <!-- method1 -->
  <testcase classname="testNgAnnotation.Flag3" name="method1" time="0.006">
    <system-out>
      <![CDATA[Login !!!]]>
    </system-out>
  </testcase> <!-- method1 -->
  <testcase classname="testNgAnnotation.Flag3" name="method1" time="0.000">
    <system-out>
      <![CDATA[Login !!!]]>
    </system-out>
  </testcase> <!-- method1 -->
  <testcase classname="testNgAnnotation.Flag3" name="method1" time="0.002">
    <system-out>
      <![CDATA[Login !!!]]>
    </system-out>
  </testcase> <!-- method1 -->
  <testcase classname="testNgAnnotation.Flag3" name="method1" time="0.000">
    <system-out>
      <![CDATA[Login !!!]]>
    </system-out>
  </testcase> <!-- method1 -->
  <testcase classname="testNgAnnotation.Flag3" name="method1" time="0.001">
    <system-out>
      <![CDATA[Login !!!]]>
    </system-out>
  </testcase> <!-- method1 -->
  <testcase classname="testNgAnnotation.Flag3" name="method1" time="0.001">
    <system-out>
      <![CDATA[Login !!!]]>
    </system-out>
  </testcase> <!-- method1 -->
  <testcase classname="testNgAnnotation.Flag3" name="method1" time="0.002">
    <system-out>
      <![CDATA[Login !!!]]>
    </system-out>
  </testcase> <!-- method1 -->
  <testcase classname="testNgAnnotation.Flag3" name="method1" time="0.003">
    <system-out>
      <![CDATA[Login !!!]]>
    </system-out>
  </testcase> <!-- method1 -->
  <testcase classname="testNgAnnotation.Flag3" name="method1" time="0.001">
    <system-out>
      <![CDATA[Login !!!]]>
    </system-out>
  </testcase> <!-- method1 -->
  <testcase classname="testNgAnnotation.Flag3" name="method1" time="0.000">
    <system-out>
      <![CDATA[Login !!!]]>
    </system-out>
  </testcase> <!-- method1 -->
  <testcase classname="testNgAnnotation.Flag3" name="method1" time="0.000">
    <system-out>
      <![CDATA[Login !!!]]>
    </system-out>
  </testcase> <!-- method1 -->
  <testcase classname="testNgAnnotation.Flag3" name="method1" time="0.001">
    <system-out>
      <![CDATA[Login !!!]]>
    </system-out>
  </testcase> <!-- method1 -->
  <testcase classname="testNgAnnotation.Flag3" name="method1" time="0.007">
    <system-out>
      <![CDATA[Login !!!]]>
    </system-out>
  </testcase> <!-- method1 -->
  <testcase classname="testNgAnnotation.Flag3" name="method1" time="0.001">
    <system-out>
      <![CDATA[Login !!!]]>
    </system-out>
  </testcase> <!-- method1 -->
  <testcase classname="testNgAnnotation.Flag3" name="method1" time="0.001">
    <system-out>
      <![CDATA[Login !!!]]>
    </system-out>
  </testcase> <!-- method1 -->
  <testcase classname="testNgAnnotation.Flag3" name="method1" time="0.001">
    <system-out>
      <![CDATA[Login !!!]]>
    </system-out>
  </testcase> <!-- method1 -->
  <testcase classname="testNgAnnotation.Flag3" name="method1" time="0.005">
    <system-out>
      <![CDATA[Login !!!]]>
    </system-out>
  </testcase> <!-- method1 -->
  <testcase classname="testNgAnnotation.Flag3" name="method1" time="0.001">
    <system-out>
      <![CDATA[Login !!!]]>
    </system-out>
  </testcase> <!-- method1 -->
  <testcase classname="testNgAnnotation.Flag3" name="method1" time="0.002">
    <system-out>
      <![CDATA[Login !!!]]>
    </system-out>
  </testcase> <!-- method1 -->
  <testcase classname="testNgAnnotation.Flag3" name="method1" time="0.002">
    <system-out>
      <![CDATA[Login !!!]]>
    </system-out>
  </testcase> <!-- method1 -->
  <testcase classname="testNgAnnotation.Flag3" name="method1" time="0.001">
    <system-out>
      <![CDATA[Login !!!]]>
    </system-out>
  </testcase> <!-- method1 -->
  <testcase classname="testNgAnnotation.Flag3" name="method1" time="0.003">
    <system-out>
      <![CDATA[Login !!!]]>
    </system-out>
  </testcase> <!-- method1 -->
  <testcase classname="testNgAnnotation.Flag3" name="method1" time="0.001">
    <system-out>
      <![CDATA[Login !!!]]>
    </system-out>
  </testcase> <!-- method1 -->
  <testcase classname="testNgAnnotation.Flag3" name="method1" time="0.005">
    <system-out>
      <![CDATA[Login !!!]]>
    </system-out>
  </testcase> <!-- method1 -->
  <testcase classname="testNgAnnotation.Flag3" name="method1" time="0.001">
    <system-out>
      <![CDATA[Login !!!]]>
    </system-out>
  </testcase> <!-- method1 -->
  <testcase classname="testNgAnnotation.Flag3" name="method1" time="0.001">
    <system-out>
      <![CDATA[Login !!!]]>
    </system-out>
  </testcase> <!-- method1 -->
  <testcase classname="testNgAnnotation.Flag3" name="method1" time="0.001">
    <system-out>
      <![CDATA[Login !!!]]>
    </system-out>
  </testcase> <!-- method1 -->
  <testcase classname="testNgAnnotation.Flag3" name="method1" time="0.001">
    <system-out>
      <![CDATA[Login !!!]]>
    </system-out>
  </testcase> <!-- method1 -->
  <testcase classname="testNgAnnotation.Flag3" name="method1" time="0.001">
    <system-out>
      <![CDATA[Login !!!]]>
    </system-out>
  </testcase> <!-- method1 -->
  <testcase classname="testNgAnnotation.Flag3" name="method1" time="0.001">
    <system-out>
      <![CDATA[Login !!!]]>
    </system-out>
  </testcase> <!-- method1 -->
  <testcase classname="testNgAnnotation.Flag3" name="method1" time="0.006">
    <system-out>
      <![CDATA[Login !!!]]>
    </system-out>
  </testcase> <!-- method1 -->
  <testcase classname="testNgAnnotation.Flag3" name="method1" time="0.002">
    <system-out>
      <![CDATA[Login !!!]]>
    </system-out>
  </testcase> <!-- method1 -->
  <testcase classname="testNgAnnotation.Flag3" name="method1" time="0.001">
    <system-out>
      <![CDATA[Login !!!]]>
    </system-out>
  </testcase> <!-- method1 -->
  <testcase classname="testNgAnnotation.Flag3" name="method1" time="0.001">
    <system-out>
      <![CDATA[Login !!!]]>
    </system-out>
  </testcase> <!-- method1 -->
  <testcase classname="testNgAnnotation.Flag3" name="method1" time="0.002">
    <system-out>
      <![CDATA[Login !!!]]>
    </system-out>
  </testcase> <!-- method1 -->
  <testcase classname="testNgAnnotation.Flag3" name="method1" time="0.003">
    <system-out>
      <![CDATA[Login !!!]]>
    </system-out>
  </testcase> <!-- method1 -->
  <testcase classname="testNgAnnotation.Flag3" name="method1" time="0.001">
    <system-out>
      <![CDATA[Login !!!]]>
    </system-out>
  </testcase> <!-- method1 -->
  <testcase classname="testNgAnnotation.Flag3" name="method1" time="0.000">
    <system-out>
      <![CDATA[Login !!!]]>
    </system-out>
  </testcase> <!-- method1 -->
  <testcase classname="testNgAnnotation.Flag3" name="method1" time="0.001">
    <system-out>
      <![CDATA[Login !!!]]>
    </system-out>
  </testcase> <!-- method1 -->
  <testcase classname="testNgAnnotation.Flag3" name="method1" time="0.000">
    <system-out>
      <![CDATA[Login !!!]]>
    </system-out>
  </testcase> <!-- method1 -->
  <testcase classname="testNgAnnotation.Flag3" name="method1" time="0.001">
    <system-out>
      <![CDATA[Login !!!]]>
    </system-out>
  </testcase> <!-- method1 -->
  <testcase classname="testNgAnnotation.Flag3" name="method1" time="0.005">
    <system-out>
      <![CDATA[Login !!!]]>
    </system-out>
  </testcase> <!-- method1 -->
  <testcase classname="testNgAnnotation.Flag3" name="method1" time="0.001">
    <system-out>
      <![CDATA[Login !!!]]>
    </system-out>
  </testcase> <!-- method1 -->
  <testcase classname="testNgAnnotation.Flag3" name="method1" time="0.002">
    <system-out>
      <![CDATA[Login !!!]]>
    </system-out>
  </testcase> <!-- method1 -->
  <testcase classname="testNgAnnotation.Flag3" name="method1" time="0.001">
    <system-out>
      <![CDATA[Login !!!]]>
    </system-out>
  </testcase> <!-- method1 -->
  <testcase classname="testNgAnnotation.Flag3" name="method1" time="0.001">
    <system-out>
      <![CDATA[Login !!!]]>
    </system-out>
  </testcase> <!-- method1 -->
  <testcase classname="testNgAnnotation.Flag3" name="method1" time="0.000">
    <system-out>
      <![CDATA[Login !!!]]>
    </system-out>
  </testcase> <!-- method1 -->
  <testcase classname="testNgAnnotation.Flag3" name="method1" time="0.000">
    <system-out>
      <![CDATA[Login !!!]]>
    </system-out>
  </testcase> <!-- method1 -->
  <testcase classname="testNgAnnotation.Flag3" name="method1" time="0.001">
    <system-out>
      <![CDATA[Login !!!]]>
    </system-out>
  </testcase> <!-- method1 -->
  <testcase classname="testNgAnnotation.Flag3" name="method1" time="0.002">
    <system-out>
      <![CDATA[Login !!!]]>
    </system-out>
  </testcase> <!-- method1 -->
  <testcase classname="testNgAnnotation.Flag3" name="method1" time="0.001">
    <system-out>
      <![CDATA[Login !!!]]>
    </system-out>
  </testcase> <!-- method1 -->
  <testcase classname="testNgAnnotation.Flag3" name="method1" time="0.002">
    <system-out>
      <![CDATA[Login !!!]]>
    </system-out>
  </testcase> <!-- method1 -->
  <testcase classname="testNgAnnotation.Flag3" name="method1" time="0.000">
    <system-out>
      <![CDATA[Login !!!]]>
    </system-out>
  </testcase> <!-- method1 -->
  <testcase classname="testNgAnnotation.Flag3" name="method1" time="0.001">
    <system-out>
      <![CDATA[Login !!!]]>
    </system-out>
  </testcase> <!-- method1 -->
  <testcase classname="testNgAnnotation.Flag3" name="method1" time="0.002">
    <system-out>
      <![CDATA[Login !!!]]>
    </system-out>
  </testcase> <!-- method1 -->
  <testcase classname="testNgAnnotation.Flag3" name="method1" time="0.001">
    <system-out>
      <![CDATA[Login !!!]]>
    </system-out>
  </testcase> <!-- method1 -->
  <testcase classname="testNgAnnotation.Flag3" name="method1" time="0.001">
    <system-out>
      <![CDATA[Login !!!]]>
    </system-out>
  </testcase> <!-- method1 -->
  <testcase classname="testNgAnnotation.Flag3" name="method1" time="0.000">
    <system-out>
      <![CDATA[Login !!!]]>
    </system-out>
  </testcase> <!-- method1 -->
  <testcase classname="testNgAnnotation.Flag3" name="method1" time="0.000">
    <system-out>
      <![CDATA[Login !!!]]>
    </system-out>
  </testcase> <!-- method1 -->
  <testcase classname="testNgAnnotation.Flag3" name="method1" time="0.042">
    <system-out>
      <![CDATA[Login !!!]]>
    </system-out>
  </testcase> <!-- method1 -->
  <testcase classname="testNgAnnotation.Flag3" name="method1" time="0.001">
    <system-out>
      <![CDATA[Login !!!]]>
    </system-out>
  </testcase> <!-- method1 -->
  <testcase classname="testNgAnnotation.Flag3" name="method1" time="0.000">
    <system-out>
      <![CDATA[Login !!!]]>
    </system-out>
  </testcase> <!-- method1 -->
  <testcase classname="testNgAnnotation.Flag3" name="method1" time="0.002">
    <system-out>
      <![CDATA[Login !!!]]>
    </system-out>
  </testcase> <!-- method1 -->
  <testcase classname="testNgAnnotation.Flag3" name="method1" time="0.002">
    <system-out>
      <![CDATA[Login !!!]]>
    </system-out>
  </testcase> <!-- method1 -->
  <testcase classname="testNgAnnotation.Flag3" name="method1" time="0.001">
    <system-out>
      <![CDATA[Login !!!]]>
    </system-out>
  </testcase> <!-- method1 -->
  <testcase classname="testNgAnnotation.Flag3" name="method1" time="0.019">
    <system-out>
      <![CDATA[Login !!!]]>
    </system-out>
  </testcase> <!-- method1 -->
  <testcase classname="testNgAnnotation.Flag3" name="method1" time="0.000">
    <system-out>
      <![CDATA[Login !!!]]>
    </system-out>
  </testcase> <!-- method1 -->
  <testcase classname="testNgAnnotation.Flag3" name="method1" time="0.000">
    <system-out>
      <![CDATA[Login !!!]]>
    </system-out>
  </testcase> <!-- method1 -->
  <testcase classname="testNgAnnotation.Flag3" name="method1" time="0.008">
    <system-out>
      <![CDATA[Login !!!]]>
    </system-out>
  </testcase> <!-- method1 -->
  <testcase classname="testNgAnnotation.Flag3" name="method1" time="0.007">
    <system-out>
      <![CDATA[Login !!!]]>
    </system-out>
  </testcase> <!-- method1 -->
  <testcase classname="testNgAnnotation.Flag3" name="method1" time="0.001">
    <system-out>
      <![CDATA[Login !!!]]>
    </system-out>
  </testcase> <!-- method1 -->
  <testcase classname="testNgAnnotation.Flag3" name="method1" time="0.001">
    <system-out>
      <![CDATA[Login !!!]]>
    </system-out>
  </testcase> <!-- method1 -->
  <testcase classname="testNgAnnotation.Flag3" name="method1" time="0.002">
    <system-out>
      <![CDATA[Login !!!]]>
    </system-out>
  </testcase> <!-- method1 -->
  <testcase classname="testNgAnnotation.Flag3" name="method1" time="0.000">
    <system-out>
      <![CDATA[Login !!!]]>
    </system-out>
  </testcase> <!-- method1 -->
  <testcase classname="testNgAnnotation.Flag3" name="method1" time="0.000">
    <system-out>
      <![CDATA[Login !!!]]>
    </system-out>
  </testcase> <!-- method1 -->
  <testcase classname="testNgAnnotation.Flag3" name="method1" time="0.001">
    <system-out>
      <![CDATA[Login !!!]]>
    </system-out>
  </testcase> <!-- method1 -->
  <testcase classname="testNgAnnotation.Flag3" name="method1" time="0.000">
    <system-out>
      <![CDATA[Login !!!]]>
    </system-out>
  </testcase> <!-- method1 -->
  <testcase classname="testNgAnnotation.Flag3" name="method1" time="0.047">
    <system-out>
      <![CDATA[Login !!!]]>
    </system-out>
  </testcase> <!-- method1 -->
  <testcase classname="testNgAnnotation.Flag3" name="method1" time="0.003">
    <system-out>
      <![CDATA[Login !!!]]>
    </system-out>
  </testcase> <!-- method1 -->
  <testcase classname="testNgAnnotation.Flag3" name="method1" time="0.009">
    <system-out>
      <![CDATA[Login !!!]]>
    </system-out>
  </testcase> <!-- method1 -->
  <testcase classname="testNgAnnotation.Flag3" name="method1" time="0.000">
    <system-out>
      <![CDATA[Login !!!]]>
    </system-out>
  </testcase> <!-- method1 -->
  <testcase classname="testNgAnnotation.Flag3" name="method1" time="0.001">
    <system-out>
      <![CDATA[Login !!!]]>
    </system-out>
  </testcase> <!-- method1 -->
  <testcase classname="testNgAnnotation.Flag3" name="method1" time="0.002">
    <system-out>
      <![CDATA[Login !!!]]>
    </system-out>
  </testcase> <!-- method1 -->
  <testcase classname="testNgAnnotation.Flag3" name="method1" time="0.000">
    <system-out>
      <![CDATA[Login !!!]]>
    </system-out>
  </testcase> <!-- method1 -->
  <testcase classname="testNgAnnotation.Flag3" name="method1" time="0.003">
    <system-out>
      <![CDATA[Login !!!]]>
    </system-out>
  </testcase> <!-- method1 -->
  <testcase classname="testNgAnnotation.Flag3" name="method1" time="0.001">
    <system-out>
      <![CDATA[Login !!!]]>
    </system-out>
  </testcase> <!-- method1 -->
  <testcase classname="testNgAnnotation.Flag3" name="method1" time="0.000">
    <system-out>
      <![CDATA[Login !!!]]>
    </system-out>
  </testcase> <!-- method1 -->
  <testcase classname="testNgAnnotation.Flag3" name="method1" time="0.002">
    <system-out>
      <![CDATA[Login !!!]]>
    </system-out>
  </testcase> <!-- method1 -->
  <testcase classname="testNgAnnotation.Flag3" name="method1" time="0.001">
    <system-out>
      <![CDATA[Login !!!]]>
    </system-out>
  </testcase> <!-- method1 -->
  <testcase classname="testNgAnnotation.Flag3" name="method1" time="0.002">
    <system-out>
      <![CDATA[Login !!!]]>
    </system-out>
  </testcase> <!-- method1 -->
  <testcase classname="testNgAnnotation.Flag3" name="method1" time="0.001">
    <system-out>
      <![CDATA[Login !!!]]>
    </system-out>
  </testcase> <!-- method1 -->
  <testcase classname="testNgAnnotation.Flag3" name="method1" time="0.000">
    <system-out>
      <![CDATA[Login !!!]]>
    </system-out>
  </testcase> <!-- method1 -->
  <testcase classname="testNgAnnotation.Flag3" name="method1" time="0.000">
    <system-out>
      <![CDATA[Login !!!]]>
    </system-out>
  </testcase> <!-- method1 -->
  <testcase classname="testNgAnnotation.Flag3" name="method1" time="0.001">
    <system-out>
      <![CDATA[Login !!!]]>
    </system-out>
  </testcase> <!-- method1 -->
  <testcase classname="testNgAnnotation.Flag3" name="method1" time="0.002">
    <system-out>
      <![CDATA[Login !!!]]>
    </system-out>
  </testcase> <!-- method1 -->
  <testcase classname="testNgAnnotation.Flag3" name="method1" time="0.001">
    <system-out>
      <![CDATA[Login !!!]]>
    </system-out>
  </testcase> <!-- method1 -->
  <testcase classname="testNgAnnotation.Flag3" name="method1" time="0.001">
    <system-out>
      <![CDATA[Login !!!]]>
    </system-out>
  </testcase> <!-- method1 -->
  <testcase classname="testNgAnnotation.Flag3" name="method1" time="0.002">
    <system-out>
      <![CDATA[Login !!!]]>
    </system-out>
  </testcase> <!-- method1 -->
  <testcase classname="testNgAnnotation.Flag3" name="method1" time="0.002">
    <system-out>
      <![CDATA[Login !!!]]>
    </system-out>
  </testcase> <!-- method1 -->
  <testcase classname="testNgAnnotation.Flag3" name="method1" time="0.001">
    <system-out>
      <![CDATA[Login !!!]]>
    </system-out>
  </testcase> <!-- method1 -->
  <testcase classname="testNgAnnotation.Flag3" name="method1" time="0.001">
    <system-out>
      <![CDATA[Login !!!]]>
    </system-out>
  </testcase> <!-- method1 -->
  <testcase classname="testNgAnnotation.Flag3" name="method1" time="0.002">
    <system-out>
      <![CDATA[Login !!!]]>
    </system-out>
  </testcase> <!-- method1 -->
  <testcase classname="testNgAnnotation.Flag3" name="method1" time="0.001">
    <system-out>
      <![CDATA[Login !!!]]>
    </system-out>
  </testcase> <!-- method1 -->
  <testcase classname="testNgAnnotation.Flag3" name="method1" time="0.001">
    <system-out>
      <![CDATA[Login !!!]]>
    </system-out>
  </testcase> <!-- method1 -->
  <testcase classname="testNgAnnotation.Flag3" name="method1" time="0.001">
    <system-out>
      <![CDATA[Login !!!]]>
    </system-out>
  </testcase> <!-- method1 -->
  <testcase classname="testNgAnnotation.Flag3" name="method1" time="0.001">
    <system-out>
      <![CDATA[Login !!!]]>
    </system-out>
  </testcase> <!-- method1 -->
  <testcase classname="testNgAnnotation.Flag3" name="method1" time="0.023">
    <system-out>
      <![CDATA[Login !!!]]>
    </system-out>
  </testcase> <!-- method1 -->
  <testcase classname="testNgAnnotation.Flag3" name="method1" time="0.002">
    <system-out>
      <![CDATA[Login !!!]]>
    </system-out>
  </testcase> <!-- method1 -->
  <testcase classname="testNgAnnotation.Flag3" name="method1" time="0.001">
    <system-out>
      <![CDATA[Login !!!]]>
    </system-out>
  </testcase> <!-- method1 -->
  <testcase classname="testNgAnnotation.Flag3" name="method1" time="0.001">
    <system-out>
      <![CDATA[Login !!!]]>
    </system-out>
  </testcase> <!-- method1 -->
  <testcase classname="testNgAnnotation.Flag3" name="method1" time="0.005">
    <system-out>
      <![CDATA[Login !!!]]>
    </system-out>
  </testcase> <!-- method1 -->
  <testcase classname="testNgAnnotation.Flag3" name="method1" time="0.001">
    <system-out>
      <![CDATA[Login !!!]]>
    </system-out>
  </testcase> <!-- method1 -->
  <testcase classname="testNgAnnotation.Flag3" name="method1" time="0.001">
    <system-out>
      <![CDATA[Login !!!]]>
    </system-out>
  </testcase> <!-- method1 -->
  <testcase classname="testNgAnnotation.Flag3" name="method1" time="0.003">
    <system-out>
      <![CDATA[Login !!!]]>
    </system-out>
  </testcase> <!-- method1 -->
  <testcase classname="testNgAnnotation.Flag3" name="method1" time="0.002">
    <system-out>
      <![CDATA[Login !!!]]>
    </system-out>
  </testcase> <!-- method1 -->
  <testcase classname="testNgAnnotation.Flag3" name="method1" time="0.002">
    <system-out>
      <![CDATA[Login !!!]]>
    </system-out>
  </testcase> <!-- method1 -->
  <testcase classname="testNgAnnotation.Flag3" name="method1" time="0.001">
    <system-out>
      <![CDATA[Login !!!]]>
    </system-out>
  </testcase> <!-- method1 -->
  <testcase classname="testNgAnnotation.Flag3" name="method1" time="0.001">
    <system-out>
      <![CDATA[Login !!!]]>
    </system-out>
  </testcase> <!-- method1 -->
  <testcase classname="testNgAnnotation.Flag3" name="method1" time="0.007">
    <system-out>
      <![CDATA[Login !!!]]>
    </system-out>
  </testcase> <!-- method1 -->
  <testcase classname="testNgAnnotation.Flag3" name="method1" time="0.001">
    <system-out>
      <![CDATA[Login !!!]]>
    </system-out>
  </testcase> <!-- method1 -->
  <testcase classname="testNgAnnotation.Flag3" name="method1" time="0.001">
    <system-out>
      <![CDATA[Login !!!]]>
    </system-out>
  </testcase> <!-- method1 -->
  <testcase classname="testNgAnnotation.Flag3" name="method1" time="0.001">
    <system-out>
      <![CDATA[Login !!!]]>
    </system-out>
  </testcase> <!-- method1 -->
  <testcase classname="testNgAnnotation.Flag3" name="method1" time="0.001">
    <system-out>
      <![CDATA[Login !!!]]>
    </system-out>
  </testcase> <!-- method1 -->
  <testcase classname="testNgAnnotation.Flag3" name="method1" time="0.001">
    <system-out>
      <![CDATA[Login !!!]]>
    </system-out>
  </testcase> <!-- method1 -->
  <testcase classname="testNgAnnotation.Flag3" name="method1" time="0.001">
    <system-out>
      <![CDATA[Login !!!]]>
    </system-out>
  </testcase> <!-- method1 -->
  <testcase classname="testNgAnnotation.Flag3" name="method1" time="0.001">
    <system-out>
      <![CDATA[Login !!!]]>
    </system-out>
  </testcase> <!-- method1 -->
  <testcase classname="testNgAnnotation.Flag3" name="method1" time="0.001">
    <system-out>
      <![CDATA[Login !!!]]>
    </system-out>
  </testcase> <!-- method1 -->
  <testcase classname="testNgAnnotation.Flag3" name="method1" time="0.000">
    <system-out>
      <![CDATA[Login !!!]]>
    </system-out>
  </testcase> <!-- method1 -->
  <testcase classname="testNgAnnotation.Flag3" name="method1" time="0.003">
    <system-out>
      <![CDATA[Login !!!]]>
    </system-out>
  </testcase> <!-- method1 -->
  <testcase classname="testNgAnnotation.Flag3" name="method1" time="0.001">
    <system-out>
      <![CDATA[Login !!!]]>
    </system-out>
  </testcase> <!-- method1 -->
  <testcase classname="testNgAnnotation.Flag3" name="method1" time="0.002">
    <system-out>
      <![CDATA[Login !!!]]>
    </system-out>
  </testcase> <!-- method1 -->
  <testcase classname="testNgAnnotation.Flag3" name="method1" time="0.003">
    <system-out>
      <![CDATA[Login !!!]]>
    </system-out>
  </testcase> <!-- method1 -->
  <testcase classname="testNgAnnotation.Flag3" name="method1" time="0.001">
    <system-out>
      <![CDATA[Login !!!]]>
    </system-out>
  </testcase> <!-- method1 -->
  <testcase classname="testNgAnnotation.Flag3" name="method1" time="0.002">
    <system-out>
      <![CDATA[Login !!!]]>
    </system-out>
  </testcase> <!-- method1 -->
  <testcase classname="testNgAnnotation.Flag3" name="method1" time="0.001">
    <system-out>
      <![CDATA[Login !!!]]>
    </system-out>
  </testcase> <!-- method1 -->
  <testcase classname="testNgAnnotation.Flag3" name="method1" time="0.001">
    <system-out>
      <![CDATA[Login !!!]]>
    </system-out>
  </testcase> <!-- method1 -->
  <testcase classname="testNgAnnotation.Flag3" name="method1" time="0.001">
    <system-out>
      <![CDATA[Login !!!]]>
    </system-out>
  </testcase> <!-- method1 -->
  <testcase classname="testNgAnnotation.Flag3" name="method1" time="0.001">
    <system-out>
      <![CDATA[Login !!!]]>
    </system-out>
  </testcase> <!-- method1 -->
  <testcase classname="testNgAnnotation.Flag3" name="method1" time="0.001">
    <system-out>
      <![CDATA[Login !!!]]>
    </system-out>
  </testcase> <!-- method1 -->
  <testcase classname="testNgAnnotation.Flag3" name="method1" time="0.001">
    <system-out>
      <![CDATA[Login !!!]]>
    </system-out>
  </testcase> <!-- method1 -->
  <testcase classname="testNgAnnotation.Flag3" name="method1" time="0.001">
    <system-out>
      <![CDATA[Login !!!]]>
    </system-out>
  </testcase> <!-- method1 -->
  <testcase classname="testNgAnnotation.Flag3" name="method1" time="0.001">
    <system-out>
      <![CDATA[Login !!!]]>
    </system-out>
  </testcase> <!-- method1 -->
  <testcase classname="testNgAnnotation.Flag3" name="method1" time="0.001">
    <system-out>
      <![CDATA[Login !!!]]>
    </system-out>
  </testcase> <!-- method1 -->
  <testcase classname="testNgAnnotation.Flag3" name="method1" time="0.000">
    <system-out>
      <![CDATA[Login !!!]]>
    </system-out>
  </testcase> <!-- method1 -->
  <testcase classname="testNgAnnotation.Flag3" name="method1" time="0.002">
    <system-out>
      <![CDATA[Login !!!]]>
    </system-out>
  </testcase> <!-- method1 -->
  <testcase classname="testNgAnnotation.Flag3" name="method1" time="0.023">
    <system-out>
      <![CDATA[Login !!!]]>
    </system-out>
  </testcase> <!-- method1 -->
  <testcase classname="testNgAnnotation.Flag3" name="method1" time="0.001">
    <system-out>
      <![CDATA[Login !!!]]>
    </system-out>
  </testcase> <!-- method1 -->
  <testcase classname="testNgAnnotation.Flag3" name="method1" time="0.002">
    <system-out>
      <![CDATA[Login !!!]]>
    </system-out>
  </testcase> <!-- method1 -->
  <testcase classname="testNgAnnotation.Flag3" name="method1" time="0.016">
    <system-out>
      <![CDATA[Login !!!]]>
    </system-out>
  </testcase> <!-- method1 -->
  <testcase classname="testNgAnnotation.Flag3" name="method1" time="0.001">
    <system-out>
      <![CDATA[Login !!!]]>
    </system-out>
  </testcase> <!-- method1 -->
  <testcase classname="testNgAnnotation.Flag3" name="method1" time="0.003">
    <system-out>
      <![CDATA[Login !!!]]>
    </system-out>
  </testcase> <!-- method1 -->
  <testcase classname="testNgAnnotation.Flag3" name="method1" time="0.003">
    <system-out>
      <![CDATA[Login !!!]]>
    </system-out>
  </testcase> <!-- method1 -->
  <testcase classname="testNgAnnotation.Flag3" name="method1" time="0.002">
    <system-out>
      <![CDATA[Login !!!]]>
    </system-out>
  </testcase> <!-- method1 -->
  <testcase classname="testNgAnnotation.Flag3" name="method1" time="0.002">
    <system-out>
      <![CDATA[Login !!!]]>
    </system-out>
  </testcase> <!-- method1 -->
  <testcase classname="testNgAnnotation.Flag3" name="method1" time="0.001">
    <system-out>
      <![CDATA[Login !!!]]>
    </system-out>
  </testcase> <!-- method1 -->
  <testcase classname="testNgAnnotation.Flag3" name="method1" time="0.052">
    <system-out>
      <![CDATA[Login !!!]]>
    </system-out>
  </testcase> <!-- method1 -->
  <testcase classname="testNgAnnotation.Flag3" name="method1" time="0.001">
    <system-out>
      <![CDATA[Login !!!]]>
    </system-out>
  </testcase> <!-- method1 -->
  <testcase classname="testNgAnnotation.Flag3" name="method1" time="0.003">
    <system-out>
      <![CDATA[Login !!!]]>
    </system-out>
  </testcase> <!-- method1 -->
  <testcase classname="testNgAnnotation.Flag3" name="method1" time="0.001">
    <system-out>
      <![CDATA[Login !!!]]>
    </system-out>
  </testcase> <!-- method1 -->
  <testcase classname="testNgAnnotation.Flag3" name="method1" time="0.000">
    <system-out>
      <![CDATA[Login !!!]]>
    </system-out>
  </testcase> <!-- method1 -->
  <testcase classname="testNgAnnotation.Flag3" name="method1" time="0.022">
    <system-out>
      <![CDATA[Login !!!]]>
    </system-out>
  </testcase> <!-- method1 -->
  <testcase classname="testNgAnnotation.Flag3" name="method1" time="0.002">
    <system-out>
      <![CDATA[Login !!!]]>
    </system-out>
  </testcase> <!-- method1 -->
  <testcase classname="testNgAnnotation.Flag3" name="method1" time="0.002">
    <system-out>
      <![CDATA[Login !!!]]>
    </system-out>
  </testcase> <!-- method1 -->
  <testcase classname="testNgAnnotation.Flag3" name="method1" time="0.001">
    <system-out>
      <![CDATA[Login !!!]]>
    </system-out>
  </testcase> <!-- method1 -->
  <testcase classname="testNgAnnotation.Flag3" name="method1" time="0.001">
    <system-out>
      <![CDATA[Login !!!]]>
    </system-out>
  </testcase> <!-- method1 -->
  <testcase classname="testNgAnnotation.Flag3" name="method1" time="0.001">
    <system-out>
      <![CDATA[Login !!!]]>
    </system-out>
  </testcase> <!-- method1 -->
  <testcase classname="testNgAnnotation.Flag3" name="method1" time="0.000">
    <system-out>
      <![CDATA[Login !!!]]>
    </system-out>
  </testcase> <!-- method1 -->
  <testcase classname="testNgAnnotation.Flag3" name="method1" time="0.000">
    <system-out>
      <![CDATA[Login !!!]]>
    </system-out>
  </testcase> <!-- method1 -->
  <testcase classname="testNgAnnotation.Flag3" name="method1" time="0.008">
    <system-out>
      <![CDATA[Login !!!]]>
    </system-out>
  </testcase> <!-- method1 -->
  <testcase classname="testNgAnnotation.Flag3" name="method1" time="0.000">
    <system-out>
      <![CDATA[Login !!!]]>
    </system-out>
  </testcase> <!-- method1 -->
  <testcase classname="testNgAnnotation.Flag3" name="method1" time="0.001">
    <system-out>
      <![CDATA[Login !!!]]>
    </system-out>
  </testcase> <!-- method1 -->
  <testcase classname="testNgAnnotation.Flag3" name="method1" time="0.001">
    <system-out>
      <![CDATA[Login !!!]]>
    </system-out>
  </testcase> <!-- method1 -->
  <testcase classname="testNgAnnotation.Flag3" name="method1" time="0.001">
    <system-out>
      <![CDATA[Login !!!]]>
    </system-out>
  </testcase> <!-- method1 -->
  <testcase classname="testNgAnnotation.Flag3" name="method1" time="0.077">
    <system-out>
      <![CDATA[Login !!!]]>
    </system-out>
  </testcase> <!-- method1 -->
  <testcase classname="testNgAnnotation.Flag3" name="method1" time="0.004">
    <system-out>
      <![CDATA[Login !!!]]>
    </system-out>
  </testcase> <!-- method1 -->
  <testcase classname="testNgAnnotation.Flag3" name="method1" time="0.001">
    <system-out>
      <![CDATA[Login !!!]]>
    </system-out>
  </testcase> <!-- method1 -->
  <testcase classname="testNgAnnotation.Flag3" name="method1" time="0.001">
    <system-out>
      <![CDATA[Login !!!]]>
    </system-out>
  </testcase> <!-- method1 -->
  <testcase classname="testNgAnnotation.Flag3" name="method1" time="0.000">
    <system-out>
      <![CDATA[Login !!!]]>
    </system-out>
  </testcase> <!-- method1 -->
  <testcase classname="testNgAnnotation.Flag3" name="method1" time="0.002">
    <system-out>
      <![CDATA[Login !!!]]>
    </system-out>
  </testcase> <!-- method1 -->
  <testcase classname="testNgAnnotation.Flag3" name="method1" time="0.001">
    <system-out>
      <![CDATA[Login !!!]]>
    </system-out>
  </testcase> <!-- method1 -->
  <testcase classname="testNgAnnotation.Flag3" name="method1" time="0.002">
    <system-out>
      <![CDATA[Login !!!]]>
    </system-out>
  </testcase> <!-- method1 -->
  <testcase classname="testNgAnnotation.Flag3" name="method1" time="0.001">
    <system-out>
      <![CDATA[Login !!!]]>
    </system-out>
  </testcase> <!-- method1 -->
  <testcase classname="testNgAnnotation.Flag3" name="method1" time="0.001">
    <system-out>
      <![CDATA[Login !!!]]>
    </system-out>
  </testcase> <!-- method1 -->
  <testcase classname="testNgAnnotation.Flag3" name="method1" time="0.001">
    <system-out>
      <![CDATA[Login !!!]]>
    </system-out>
  </testcase> <!-- method1 -->
  <testcase classname="testNgAnnotation.Flag3" name="method1" time="0.001">
    <system-out>
      <![CDATA[Login !!!]]>
    </system-out>
  </testcase> <!-- method1 -->
  <testcase classname="testNgAnnotation.Flag3" name="method1" time="0.003">
    <system-out>
      <![CDATA[Login !!!]]>
    </system-out>
  </testcase> <!-- method1 -->
  <testcase classname="testNgAnnotation.Flag3" name="method1" time="0.019">
    <system-out>
      <![CDATA[Login !!!]]>
    </system-out>
  </testcase> <!-- method1 -->
  <testcase classname="testNgAnnotation.Flag3" name="method1" time="0.002">
    <system-out>
      <![CDATA[Login !!!]]>
    </system-out>
  </testcase> <!-- method1 -->
  <testcase classname="testNgAnnotation.Flag3" name="method1" time="0.001">
    <system-out>
      <![CDATA[Login !!!]]>
    </system-out>
  </testcase> <!-- method1 -->
  <testcase classname="testNgAnnotation.Flag3" name="method1" time="0.001">
    <system-out>
      <![CDATA[Login !!!]]>
    </system-out>
  </testcase> <!-- method1 -->
  <testcase classname="testNgAnnotation.Flag3" name="method1" time="0.001">
    <system-out>
      <![CDATA[Login !!!]]>
    </system-out>
  </testcase> <!-- method1 -->
  <testcase classname="testNgAnnotation.Flag3" name="method1" time="0.001">
    <system-out>
      <![CDATA[Login !!!]]>
    </system-out>
  </testcase> <!-- method1 -->
  <testcase classname="testNgAnnotation.Flag3" name="method1" time="0.001">
    <system-out>
      <![CDATA[Login !!!]]>
    </system-out>
  </testcase> <!-- method1 -->
  <testcase classname="testNgAnnotation.Flag3" name="method1" time="0.001">
    <system-out>
      <![CDATA[Login !!!]]>
    </system-out>
  </testcase> <!-- method1 -->
  <testcase classname="testNgAnnotation.Flag3" name="method1" time="0.001">
    <system-out>
      <![CDATA[Login !!!]]>
    </system-out>
  </testcase> <!-- method1 -->
  <testcase classname="testNgAnnotation.Flag3" name="method1" time="0.001">
    <system-out>
      <![CDATA[Login !!!]]>
    </system-out>
  </testcase> <!-- method1 -->
  <testcase classname="testNgAnnotation.Flag3" name="method1" time="0.001">
    <system-out>
      <![CDATA[Login !!!]]>
    </system-out>
  </testcase> <!-- method1 -->
  <testcase classname="testNgAnnotation.Flag3" name="method1" time="0.001">
    <system-out>
      <![CDATA[Login !!!]]>
    </system-out>
  </testcase> <!-- method1 -->
  <testcase classname="testNgAnnotation.Flag3" name="method1" time="0.000">
    <system-out>
      <![CDATA[Login !!!]]>
    </system-out>
  </testcase> <!-- method1 -->
  <testcase classname="testNgAnnotation.Flag3" name="method1" time="0.000">
    <system-out>
      <![CDATA[Login !!!]]>
    </system-out>
  </testcase> <!-- method1 -->
  <testcase classname="testNgAnnotation.Flag3" name="method1" time="0.009">
    <system-out>
      <![CDATA[Login !!!]]>
    </system-out>
  </testcase> <!-- method1 -->
  <testcase classname="testNgAnnotation.Flag3" name="method1" time="0.002">
    <system-out>
      <![CDATA[Login !!!]]>
    </system-out>
  </testcase> <!-- method1 -->
  <testcase classname="testNgAnnotation.Flag3" name="method1" time="0.001">
    <system-out>
      <![CDATA[Login !!!]]>
    </system-out>
  </testcase> <!-- method1 -->
  <testcase classname="testNgAnnotation.Flag3" name="method1" time="0.001">
    <system-out>
      <![CDATA[Login !!!]]>
    </system-out>
  </testcase> <!-- method1 -->
  <testcase classname="testNgAnnotation.Flag3" name="method1" time="0.012">
    <system-out>
      <![CDATA[Login !!!]]>
    </system-out>
  </testcase> <!-- method1 -->
  <testcase classname="testNgAnnotation.Flag3" name="method1" time="0.001">
    <system-out>
      <![CDATA[Login !!!]]>
    </system-out>
  </testcase> <!-- method1 -->
  <testcase classname="testNgAnnotation.Flag3" name="method1" time="0.001">
    <system-out>
      <![CDATA[Login !!!]]>
    </system-out>
  </testcase> <!-- method1 -->
  <testcase classname="testNgAnnotation.Flag3" name="method1" time="0.001">
    <system-out>
      <![CDATA[Login !!!]]>
    </system-out>
  </testcase> <!-- method1 -->
  <testcase classname="testNgAnnotation.Flag3" name="method1" time="0.002">
    <system-out>
      <![CDATA[Login !!!]]>
    </system-out>
  </testcase> <!-- method1 -->
  <testcase classname="testNgAnnotation.Flag3" name="method1" time="0.001">
    <system-out>
      <![CDATA[Login !!!]]>
    </system-out>
  </testcase> <!-- method1 -->
  <testcase classname="testNgAnnotation.Flag3" name="method1" time="0.007">
    <system-out>
      <![CDATA[Login !!!]]>
    </system-out>
  </testcase> <!-- method1 -->
  <testcase classname="testNgAnnotation.Flag3" name="method1" time="0.002">
    <system-out>
      <![CDATA[Login !!!]]>
    </system-out>
  </testcase> <!-- method1 -->
  <testcase classname="testNgAnnotation.Flag3" name="method1" time="0.001">
    <system-out>
      <![CDATA[Login !!!]]>
    </system-out>
  </testcase> <!-- method1 -->
  <testcase classname="testNgAnnotation.Flag3" name="method1" time="0.000">
    <system-out>
      <![CDATA[Login !!!]]>
    </system-out>
  </testcase> <!-- method1 -->
  <testcase classname="testNgAnnotation.Flag3" name="method1" time="0.003">
    <system-out>
      <![CDATA[Login !!!]]>
    </system-out>
  </testcase> <!-- method1 -->
  <testcase classname="testNgAnnotation.Flag3" name="method1" time="0.001">
    <system-out>
      <![CDATA[Login !!!]]>
    </system-out>
  </testcase> <!-- method1 -->
  <testcase classname="testNgAnnotation.Flag3" name="method1" time="0.001">
    <system-out>
      <![CDATA[Login !!!]]>
    </system-out>
  </testcase> <!-- method1 -->
  <testcase classname="testNgAnnotation.Flag3" name="method1" time="0.000">
    <system-out>
      <![CDATA[Login !!!]]>
    </system-out>
  </testcase> <!-- method1 -->
  <testcase classname="testNgAnnotation.Flag3" name="method1" time="0.001">
    <system-out>
      <![CDATA[Login !!!]]>
    </system-out>
  </testcase> <!-- method1 -->
  <testcase classname="testNgAnnotation.Flag3" name="method1" time="0.004">
    <system-out>
      <![CDATA[Login !!!]]>
    </system-out>
  </testcase> <!-- method1 -->
  <testcase classname="testNgAnnotation.Flag3" name="method1" time="0.001">
    <system-out>
      <![CDATA[Login !!!]]>
    </system-out>
  </testcase> <!-- method1 -->
  <testcase classname="testNgAnnotation.Flag3" name="method1" time="0.001">
    <system-out>
      <![CDATA[Login !!!]]>
    </system-out>
  </testcase> <!-- method1 -->
  <testcase classname="testNgAnnotation.Flag3" name="method1" time="0.002">
    <system-out>
      <![CDATA[Login !!!]]>
    </system-out>
  </testcase> <!-- method1 -->
  <testcase classname="testNgAnnotation.Flag3" name="method1" time="0.002">
    <system-out>
      <![CDATA[Login !!!]]>
    </system-out>
  </testcase> <!-- method1 -->
  <testcase classname="testNgAnnotation.Flag3" name="method1" time="0.009">
    <system-out>
      <![CDATA[Login !!!]]>
    </system-out>
  </testcase> <!-- method1 -->
  <testcase classname="testNgAnnotation.Flag3" name="method1" time="0.001">
    <system-out>
      <![CDATA[Login !!!]]>
    </system-out>
  </testcase> <!-- method1 -->
  <testcase classname="testNgAnnotation.Flag3" name="method1" time="0.002">
    <system-out>
      <![CDATA[Login !!!]]>
    </system-out>
  </testcase> <!-- method1 -->
  <testcase classname="testNgAnnotation.Flag3" name="method1" time="0.002">
    <system-out>
      <![CDATA[Login !!!]]>
    </system-out>
  </testcase> <!-- method1 -->
  <testcase classname="testNgAnnotation.Flag3" name="method1" time="0.002">
    <system-out>
      <![CDATA[Login !!!]]>
    </system-out>
  </testcase> <!-- method1 -->
  <testcase classname="testNgAnnotation.Flag3" name="method1" time="0.000">
    <system-out>
      <![CDATA[Login !!!]]>
    </system-out>
  </testcase> <!-- method1 -->
  <testcase classname="testNgAnnotation.Flag3" name="method1" time="0.002">
    <system-out>
      <![CDATA[Login !!!]]>
    </system-out>
  </testcase> <!-- method1 -->
  <testcase classname="testNgAnnotation.Flag3" name="method1" time="0.001">
    <system-out>
      <![CDATA[Login !!!]]>
    </system-out>
  </testcase> <!-- method1 -->
  <testcase classname="testNgAnnotation.Flag3" name="method1" time="0.001">
    <system-out>
      <![CDATA[Login !!!]]>
    </system-out>
  </testcase> <!-- method1 -->
  <testcase classname="testNgAnnotation.Flag3" name="method1" time="0.001">
    <system-out>
      <![CDATA[Login !!!]]>
    </system-out>
  </testcase> <!-- method1 -->
  <testcase classname="testNgAnnotation.Flag3" name="method1" time="0.001">
    <system-out>
      <![CDATA[Login !!!]]>
    </system-out>
  </testcase> <!-- method1 -->
  <testcase classname="testNgAnnotation.Flag3" name="method1" time="0.001">
    <system-out>
      <![CDATA[Login !!!]]>
    </system-out>
  </testcase> <!-- method1 -->
  <testcase classname="testNgAnnotation.Flag3" name="method1" time="0.001">
    <system-out>
      <![CDATA[Login !!!]]>
    </system-out>
  </testcase> <!-- method1 -->
  <testcase classname="testNgAnnotation.Flag3" name="method1" time="0.001">
    <system-out>
      <![CDATA[Login !!!]]>
    </system-out>
  </testcase> <!-- method1 -->
  <testcase classname="testNgAnnotation.Flag3" name="method1" time="0.001">
    <system-out>
      <![CDATA[Login !!!]]>
    </system-out>
  </testcase> <!-- method1 -->
  <testcase classname="testNgAnnotation.Flag3" name="method1" time="0.039">
    <system-out>
      <![CDATA[Login !!!]]>
    </system-out>
  </testcase> <!-- method1 -->
  <testcase classname="testNgAnnotation.Flag3" name="method1" time="0.000">
    <system-out>
      <![CDATA[Login !!!]]>
    </system-out>
  </testcase> <!-- method1 -->
  <testcase classname="testNgAnnotation.Flag3" name="method1" time="0.001">
    <system-out>
      <![CDATA[Login !!!]]>
    </system-out>
  </testcase> <!-- method1 -->
  <testcase classname="testNgAnnotation.Flag3" name="method1" time="0.005">
    <system-out>
      <![CDATA[Login !!!]]>
    </system-out>
  </testcase> <!-- method1 -->
  <testcase classname="testNgAnnotation.Flag3" name="method1" time="0.001">
    <system-out>
      <![CDATA[Login !!!]]>
    </system-out>
  </testcase> <!-- method1 -->
  <testcase classname="testNgAnnotation.Flag3" name="method1" time="0.001">
    <system-out>
      <![CDATA[Login !!!]]>
    </system-out>
  </testcase> <!-- method1 -->
  <testcase classname="testNgAnnotation.Flag3" name="method1" time="0.001">
    <system-out>
      <![CDATA[Login !!!]]>
    </system-out>
  </testcase> <!-- method1 -->
  <testcase classname="testNgAnnotation.Flag3" name="method1" time="0.001">
    <system-out>
      <![CDATA[Login !!!]]>
    </system-out>
  </testcase> <!-- method1 -->
  <testcase classname="testNgAnnotation.Flag3" name="method1" time="0.002">
    <system-out>
      <![CDATA[Login !!!]]>
    </system-out>
  </testcase> <!-- method1 -->
  <testcase classname="testNgAnnotation.Flag3" name="method1" time="0.000">
    <system-out>
      <![CDATA[Login !!!]]>
    </system-out>
  </testcase> <!-- method1 -->
  <testcase classname="testNgAnnotation.Flag3" name="method1" time="0.002">
    <system-out>
      <![CDATA[Login !!!]]>
    </system-out>
  </testcase> <!-- method1 -->
  <testcase classname="testNgAnnotation.Flag3" name="method1" time="0.002">
    <system-out>
      <![CDATA[Login !!!]]>
    </system-out>
  </testcase> <!-- method1 -->
  <testcase classname="testNgAnnotation.Flag3" name="method1" time="0.002">
    <system-out>
      <![CDATA[Login !!!]]>
    </system-out>
  </testcase> <!-- method1 -->
  <testcase classname="testNgAnnotation.Flag3" name="method1" time="0.000">
    <system-out>
      <![CDATA[Login !!!]]>
    </system-out>
  </testcase> <!-- method1 -->
  <testcase classname="testNgAnnotation.Flag3" name="method1" time="0.016">
    <system-out>
      <![CDATA[Login !!!]]>
    </system-out>
  </testcase> <!-- method1 -->
  <testcase classname="testNgAnnotation.Flag3" name="method1" time="0.001">
    <system-out>
      <![CDATA[Login !!!]]>
    </system-out>
  </testcase> <!-- method1 -->
  <testcase classname="testNgAnnotation.Flag3" name="method1" time="0.000">
    <system-out>
      <![CDATA[Login !!!]]>
    </system-out>
  </testcase> <!-- method1 -->
  <testcase classname="testNgAnnotation.Flag3" name="method1" time="0.002">
    <system-out>
      <![CDATA[Login !!!]]>
    </system-out>
  </testcase> <!-- method1 -->
  <testcase classname="testNgAnnotation.Flag3" name="method1" time="0.001">
    <system-out>
      <![CDATA[Login !!!]]>
    </system-out>
  </testcase> <!-- method1 -->
  <testcase classname="testNgAnnotation.Flag3" name="method1" time="0.006">
    <system-out>
      <![CDATA[Login !!!]]>
    </system-out>
  </testcase> <!-- method1 -->
  <testcase classname="testNgAnnotation.Flag3" name="method1" time="0.001">
    <system-out>
      <![CDATA[Login !!!]]>
    </system-out>
  </testcase> <!-- method1 -->
  <testcase classname="testNgAnnotation.Flag3" name="method1" time="0.001">
    <system-out>
      <![CDATA[Login !!!]]>
    </system-out>
  </testcase> <!-- method1 -->
  <testcase classname="testNgAnnotation.Flag3" name="method1" time="0.001">
    <system-out>
      <![CDATA[Login !!!]]>
    </system-out>
  </testcase> <!-- method1 -->
  <testcase classname="testNgAnnotation.Flag3" name="method1" time="0.001">
    <system-out>
      <![CDATA[Login !!!]]>
    </system-out>
  </testcase> <!-- method1 -->
  <testcase classname="testNgAnnotation.Flag3" name="method1" time="0.001">
    <system-out>
      <![CDATA[Login !!!]]>
    </system-out>
  </testcase> <!-- method1 -->
  <testcase classname="testNgAnnotation.Flag3" name="method1" time="0.001">
    <system-out>
      <![CDATA[Login !!!]]>
    </system-out>
  </testcase> <!-- method1 -->
  <testcase classname="testNgAnnotation.Flag3" name="method1" time="0.001">
    <system-out>
      <![CDATA[Login !!!]]>
    </system-out>
  </testcase> <!-- method1 -->
  <testcase classname="testNgAnnotation.Flag3" name="method1" time="0.001">
    <system-out>
      <![CDATA[Login !!!]]>
    </system-out>
  </testcase> <!-- method1 -->
  <testcase classname="testNgAnnotation.Flag3" name="method1" time="0.001">
    <system-out>
      <![CDATA[Login !!!]]>
    </system-out>
  </testcase> <!-- method1 -->
  <testcase classname="testNgAnnotation.Flag3" name="method1" time="0.001">
    <system-out>
      <![CDATA[Login !!!]]>
    </system-out>
  </testcase> <!-- method1 -->
  <testcase classname="testNgAnnotation.Flag3" name="method1" time="0.005">
    <system-out>
      <![CDATA[Login !!!]]>
    </system-out>
  </testcase> <!-- method1 -->
  <testcase classname="testNgAnnotation.Flag3" name="method1" time="0.000">
    <system-out>
      <![CDATA[Login !!!]]>
    </system-out>
  </testcase> <!-- method1 -->
  <testcase classname="testNgAnnotation.Flag3" name="method1" time="0.036">
    <system-out>
      <![CDATA[Login !!!]]>
    </system-out>
  </testcase> <!-- method1 -->
  <testcase classname="testNgAnnotation.Flag3" name="method1" time="0.001">
    <system-out>
      <![CDATA[Login !!!]]>
    </system-out>
  </testcase> <!-- method1 -->
  <testcase classname="testNgAnnotation.Flag3" name="method1" time="0.001">
    <system-out>
      <![CDATA[Login !!!]]>
    </system-out>
  </testcase> <!-- method1 -->
  <testcase classname="testNgAnnotation.Flag3" name="method1" time="0.001">
    <system-out>
      <![CDATA[Login !!!]]>
    </system-out>
  </testcase> <!-- method1 -->
  <testcase classname="testNgAnnotation.Flag3" name="method1" time="0.002">
    <system-out>
      <![CDATA[Login !!!]]>
    </system-out>
  </testcase> <!-- method1 -->
  <testcase classname="testNgAnnotation.Flag3" name="method1" time="0.001">
    <system-out>
      <![CDATA[Login !!!]]>
    </system-out>
  </testcase> <!-- method1 -->
  <testcase classname="testNgAnnotation.Flag3" name="method1" time="0.001">
    <system-out>
      <![CDATA[Login !!!]]>
    </system-out>
  </testcase> <!-- method1 -->
  <testcase classname="testNgAnnotation.Flag3" name="method1" time="0.002">
    <system-out>
      <![CDATA[Login !!!]]>
    </system-out>
  </testcase> <!-- method1 -->
  <testcase classname="testNgAnnotation.Flag3" name="method1" time="0.003">
    <system-out>
      <![CDATA[Login !!!]]>
    </system-out>
  </testcase> <!-- method1 -->
  <testcase classname="testNgAnnotation.Flag3" name="method1" time="0.000">
    <system-out>
      <![CDATA[Login !!!]]>
    </system-out>
  </testcase> <!-- method1 -->
  <testcase classname="testNgAnnotation.Flag3" name="method1" time="0.003">
    <system-out>
      <![CDATA[Login !!!]]>
    </system-out>
  </testcase> <!-- method1 -->
  <testcase classname="testNgAnnotation.Flag3" name="method1" time="0.001">
    <system-out>
      <![CDATA[Login !!!]]>
    </system-out>
  </testcase> <!-- method1 -->
  <testcase classname="testNgAnnotation.Flag3" name="method1" time="0.002">
    <system-out>
      <![CDATA[Login !!!]]>
    </system-out>
  </testcase> <!-- method1 -->
  <testcase classname="testNgAnnotation.Flag3" name="method1" time="0.002">
    <system-out>
[...]
    <system-out>
      <![CDATA[Login !!!]]>
    </system-out>
  </testcase> <!-- method1 -->
  <testcase classname="testNgAnnotation.Flag3" name="method1" time="0.001">
    <system-out>
      <![CDATA[Login !!!]]>
    </system-out>
  </testcase> <!-- method1 -->
  <testcase classname="testNgAnnotation.Flag3" name="method1" time="0.002">
    <system-out>
      <![CDATA[Login !!!]]>
    </system-out>
  </testcase> <!-- method1 -->
  <testcase classname="testNgAnnotation.Flag3" name="method1" time="0.008">
    <system-out>
      <![CDATA[Login !!!]]>
    </system-out>
  </testcase> <!-- method1 -->
  <testcase classname="testNgAnnotation.Flag3" name="method1" time="0.001">
    <system-out>
      <![CDATA[Login !!!]]>
    </system-out>
  </testcase> <!-- method1 -->
  <testcase classname="testNgAnnotation.Flag3" name="method1" time="0.016">
    <system-out>
      <![CDATA[Login !!!]]>
    </system-out>
  </testcase> <!-- method1 -->
  <testcase classname="testNgAnnotation.Flag3" name="method1" time="0.001">
    <system-out>
      <![CDATA[Login !!!]]>
    </system-out>
  </testcase> <!-- method1 -->
  <testcase classname="testNgAnnotation.Flag3" name="method1" time="0.034">
    <system-out>
      <![CDATA[Login !!!]]>
    </system-out>
  </testcase> <!-- method1 -->
  <testcase classname="testNgAnnotation.Flag3" name="method1" time="0.001">
    <system-out>
      <![CDATA[Login !!!]]>
    </system-out>
  </testcase> <!-- method1 -->
  <testcase classname="testNgAnnotation.Flag3" name="method1" time="0.002">
    <system-out>
      <![CDATA[Login !!!]]>
    </system-out>
  </testcase> <!-- method1 -->
  <testcase classname="testNgAnnotation.Flag3" name="method1" time="0.001">
    <system-out>
      <![CDATA[Login !!!]]>
    </system-out>
  </testcase> <!-- method1 -->
  <testcase classname="testNgAnnotation.Flag3" name="method1" time="0.002">
    <system-out>
      <![CDATA[Login !!!]]>
    </system-out>
  </testcase> <!-- method1 -->
  <testcase classname="testNgAnnotation.Flag3" name="method1" time="0.002">
    <system-out>
      <![CDATA[Login !!!]]>
    </system-out>
  </testcase> <!-- method1 -->
  <testcase classname="testNgAnnotation.Flag3" name="method1" time="0.000">
    <system-out>
      <![CDATA[Login !!!]]>
    </system-out>
  </testcase> <!-- method1 -->
  <testcase classname="testNgAnnotation.Flag3" name="method1" time="0.002">
    <system-out>
      <![CDATA[Login !!!]]>
    </system-out>
  </testcase> <!-- method1 -->
  <testcase classname="testNgAnnotation.Flag3" name="method1" time="0.003">
    <system-out>
      <![CDATA[Login !!!]]>
    </system-out>
  </testcase> <!-- method1 -->
  <testcase classname="testNgAnnotation.Flag3" name="method1" time="0.009">
    <system-out>
      <![CDATA[Login !!!]]>
    </system-out>
  </testcase> <!-- method1 -->
  <testcase classname="testNgAnnotation.Flag3" name="method1" time="0.001">
    <system-out>
      <![CDATA[Login !!!]]>
    </system-out>
  </testcase> <!-- method1 -->
  <testcase classname="testNgAnnotation.Flag3" name="method1" time="0.002">
    <system-out>
      <![CDATA[Login !!!]]>
    </system-out>
  </testcase> <!-- method1 -->
  <testcase classname="testNgAnnotation.Flag3" name="method1" time="0.002">
    <system-out>
      <![CDATA[Login !!!]]>
    </system-out>
  </testcase> <!-- method1 -->
  <testcase classname="testNgAnnotation.Flag3" name="method1" time="0.001">
    <system-out>
      <![CDATA[Login !!!]]>
    </system-out>
  </testcase> <!-- method1 -->
  <testcase classname="testNgAnnotation.Flag3" name="method1" time="0.000">
    <system-out>
      <![CDATA[Login !!!]]>
    </system-out>
  </testcase> <!-- method1 -->
  <testcase classname="testNgAnnotation.Flag3" name="method1" time="0.001">
    <system-out>
      <![CDATA[Login !!!]]>
    </system-out>
  </testcase> <!-- method1 -->
  <testcase classname="testNgAnnotation.Flag3" name="method1" time="0.001">
    <system-out>
      <![CDATA[Login !!!]]>
    </system-out>
  </testcase> <!-- method1 -->
  <testcase classname="testNgAnnotation.Flag3" name="method1" time="0.001">
    <system-out>
      <![CDATA[Login !!!]]>
    </system-out>
  </testcase> <!-- method1 -->
  <testcase classname="testNgAnnotation.Flag3" name="method1" time="0.001">
    <system-out>
      <![CDATA[Login !!!]]>
    </system-out>
  </testcase> <!-- method1 -->
  <testcase classname="testNgAnnotation.Flag3" name="method1" time="0.002">
    <system-out>
      <![CDATA[Login !!!]]>
    </system-out>
  </testcase> <!-- method1 -->
  <testcase classname="testNgAnnotation.Flag3" name="method1" time="0.001">
    <system-out>
      <![CDATA[Login !!!]]>
    </system-out>
  </testcase> <!-- method1 -->
  <testcase classname="testNgAnnotation.Flag3" name="method1" time="0.003">
    <system-out>
      <![CDATA[Login !!!]]>
    </system-out>
  </testcase> <!-- method1 -->
  <testcase classname="testNgAnnotation.Flag3" name="method1" time="0.005">
    <system-out>
      <![CDATA[Login !!!]]>
    </system-out>
  </testcase> <!-- method1 -->
  <testcase classname="testNgAnnotation.Flag3" name="method1" time="0.018">
    <system-out>
      <![CDATA[Login !!!]]>
    </system-out>
  </testcase> <!-- method1 -->
  <testcase classname="testNgAnnotation.Flag3" name="method1" time="0.002">
    <system-out>
      <![CDATA[Login !!!]]>
    </system-out>
  </testcase> <!-- method1 -->
  <testcase classname="testNgAnnotation.Flag3" name="method1" time="0.000">
    <system-out>
      <![CDATA[Login !!!]]>
    </system-out>
  </testcase> <!-- method1 -->
  <testcase classname="testNgAnnotation.Flag3" name="method1" time="0.001">
    <system-out>
      <![CDATA[Login !!!]]>
    </system-out>
  </testcase> <!-- method1 -->
  <testcase classname="testNgAnnotation.Flag3" name="method1" time="0.001">
    <system-out>
      <![CDATA[Login !!!]]>
    </system-out>
  </testcase> <!-- method1 -->
  <testcase classname="testNgAnnotation.Flag3" name="method1" time="0.000">
    <system-out>
      <![CDATA[Login !!!]]>
    </system-out>
  </testcase> <!-- method1 -->
  <testcase classname="testNgAnnotation.Flag3" name="method1" time="0.001">
    <system-out>
      <![CDATA[Login !!!]]>
    </system-out>
  </testcase> <!-- method1 -->
  <testcase classname="testNgAnnotation.Flag3" name="method1" time="0.002">
    <system-out>
      <![CDATA[Login !!!]]>
    </system-out>
  </testcase> <!-- method1 -->
  <testcase classname="testNgAnnotation.Flag3" name="method1" time="0.001">
    <system-out>
      <![CDATA[Login !!!]]>
    </system-out>
  </testcase> <!-- method1 -->
  <testcase classname="testNgAnnotation.Flag3" name="method1" time="0.001">
    <system-out>
      <![CDATA[Login !!!]]>
    </system-out>
  </testcase> <!-- method1 -->
  <testcase classname="testNgAnnotation.Flag3" name="method1" time="0.002">
    <system-out>
      <![CDATA[Login !!!]]>
    </system-out>
  </testcase> <!-- method1 -->
  <testcase classname="testNgAnnotation.Flag3" name="method1" time="0.001">
    <system-out>
      <![CDATA[Login !!!]]>
    </system-out>
  </testcase> <!-- method1 -->
  <testcase classname="testNgAnnotation.Flag3" name="method1" time="0.019">
    <system-out>
      <![CDATA[Login !!!]]>
    </system-out>
  </testcase> <!-- method1 -->
  <testcase classname="testNgAnnotation.Flag3" name="method1" time="0.006">
    <system-out>
      <![CDATA[Login !!!]]>
    </system-out>
  </testcase> <!-- method1 -->
  <testcase classname="testNgAnnotation.Flag3" name="method1" time="0.000">
    <system-out>
      <![CDATA[Login !!!]]>
    </system-out>
  </testcase> <!-- method1 -->
  <testcase classname="testNgAnnotation.Flag3" name="method1" time="0.002">
    <system-out>
      <![CDATA[Login !!!]]>
    </system-out>
  </testcase> <!-- method1 -->
  <testcase classname="testNgAnnotation.Flag3" name="method1" time="0.000">
    <system-out>
      <![CDATA[Login !!!]]>
    </system-out>
  </testcase> <!-- method1 -->
  <testcase classname="testNgAnnotation.Flag3" name="method1" time="0.002">
    <system-out>
      <![CDATA[Login !!!]]>
    </system-out>
  </testcase> <!-- method1 -->
  <testcase classname="testNgAnnotation.Flag3" name="method1" time="0.007">
    <system-out>
      <![CDATA[Login !!!]]>
    </system-out>
  </testcase> <!-- method1 -->
  <testcase classname="testNgAnnotation.Flag3" name="method1" time="0.001">
    <system-out>
      <![CDATA[Login !!!]]>
    </system-out>
  </testcase> <!-- method1 -->
  <testcase classname="testNgAnnotation.Flag3" name="method1" time="0.001">
    <system-out>
      <![CDATA[Login !!!]]>
    </system-out>
  </testcase> <!-- method1 -->
  <testcase classname="testNgAnnotation.Flag3" name="method1" time="0.001">
    <system-out>
      <![CDATA[Login !!!]]>
    </system-out>
  </testcase> <!-- method1 -->
  <testcase classname="testNgAnnotation.Flag3" name="method1" time="0.000">
    <system-out>
      <![CDATA[Login !!!]]>
    </system-out>
  </testcase> <!-- method1 -->
  <testcase classname="testNgAnnotation.Flag3" name="method1" time="0.002">
    <system-out>
      <![CDATA[Login !!!]]>
    </system-out>
  </testcase> <!-- method1 -->
  <testcase classname="testNgAnnotation.Flag3" name="method1" time="0.002">
    <system-out>
      <![CDATA[Login !!!]]>
    </system-out>
  </testcase> <!-- method1 -->
  <testcase classname="testNgAnnotation.Flag3" name="method1" time="0.002">
    <system-out>
      <![CDATA[Login !!!]]>
    </system-out>
  </testcase> <!-- method1 -->
  <testcase classname="testNgAnnotation.Flag3" name="method1" time="0.001">
    <system-out>
      <![CDATA[Login !!!]]>
    </system-out>
  </testcase> <!-- method1 -->
  <system-out>
    <![CDATA[Login !!!
Login !!!
Login !!!
Login !!!
Login !!!
Login !!!
Login !!!
Login !!!
Login !!!
Login !!!
Login !!!
Login !!!
Login !!!
Login !!!
Login !!!
Login !!!
Login !!!
Login !!!
Login !!!
Login !!!
Login !!!
Login !!!
Login !!!
Login !!!
Login !!!
Login !!!
Login !!!
Login !!!
Login !!!
Login !!!
Login !!!
Login !!!
Login !!!
Login !!!
Login !!!
Login !!!
Login !!!
Login !!!
Login !!!
Login !!!
Login !!!
Login !!!
Login !!!
Login !!!
Login !!!
Login !!!
Login !!!
Login !!!
Login !!!
Login !!!
Login !!!
Login !!!
Login !!!
Login !!!
Login !!!
Login !!!
Login !!!
Login !!!
Login !!!
Login !!!
Login !!!
Login !!!
Login !!!
Login !!!
Login !!!
Login !!!
Login !!!
Login !!!
Login !!!
Login !!!
Login !!!
Login !!!
Login !!!
Login !!!
Login !!!
Login !!!
Login !!!
Login !!!
Login !!!
Login !!!
Login !!!
Login !!!
Login !!!
Login !!!
Login !!!
Login !!!
Login !!!
Login !!!
Login !!!
Login !!!
Login !!!
Login !!!
Login !!!
Login !!!
Login !!!
Login !!!
Login !!!
Login !!!
Login !!!
Login !!!
Login !!!
Login !!!
Login !!!
Login !!!
Login !!!
Login !!!
Login !!!
Login !!!
Login !!!
Login !!!
Login !!!
Login !!!
Login !!!
Login !!!
Login !!!
Login !!!
Login !!!
Login !!!
Login !!!
Login !!!
Login !!!
Login !!!
Login !!!
Login !!!
Login !!!
Login !!!
Login !!!
Login !!!
Login !!!
Login !!!
Login !!!
Login !!!
Login !!!
Login !!!
Login !!!
Login !!!
Login !!!
Login !!!
Login !!!
Login !!!
Login !!!
Login !!!
Login !!!
Login !!!
Login !!!
Login !!!
Login !!!
Login !!!
Login !!!
Login !!!
Login !!!
Login !!!
Login !!!
Login !!!
Login !!!
Login !!!
Login !!!
Login !!!
Login !!!
Login !!!
Login !!!
Login !!!
Login !!!
Login !!!
Login !!!
Login !!!
Login !!!
Login !!!
Login !!!
Login !!!
Login !!!
Login !!!
Login !!!
Login !!!
Login !!!
Login !!!
Login !!!
Login !!!
Login !!!
Login !!!
Login !!!
Login !!!
Login !!!
Login !!!
Login !!!
Login !!!
Login !!!
Login !!!
Login !!!
Login !!!
Login !!!
Login !!!
Login !!!
Login !!!
Login !!!
Login !!!
Login !!!
Login !!!
Login !!!
Login !!!
Login !!!
Login !!!
Login !!!
Login !!!
Login !!!
Login !!!
Login !!!
Login !!!
Login !!!
Login !!!
Login !!!
Login !!!
Login !!!
Login !!!
Login !!!
Login !!!
Login !!!
Login !!!
Login !!!
Login !!!
Login !!!
Login !!!
Login !!!
Login !!!
Login !!!
Login !!!
Login !!!
Login !!!
Login !!!
Login !!!
Login !!!
Login !!!
Login !!!
Login !!!
Login !!!
Login !!!
Login !!!
Login !!!
Login !!!
Login !!!
Login !!!
Login !!!
Login !!!
Login !!!
Login !!!
Login !!!
Login !!!
Login !!!
Login !!!
Login !!!
Login !!!
Login !!!
Login !!!
Login !!!
Login !!!
Login !!!
Login !!!
Login !!!
Login !!!
Login !!!
Login !!!
Login !!!
Login !!!
Login !!!
Login !!!
Login !!!
Login !!!
Login !!!
Login !!!
Login !!!
Login !!!
Login !!!
Login !!!
Login !!!
Login !!!
Login !!!
Login !!!
Login !!!
Login !!!
Login !!!
Login !!!
Login !!!
Login !!!
Login !!!
Login !!!
Login !!!
Login !!!
Login !!!
Login !!!
Login !!!
Login !!!
Login !!!
Login !!!
Login !!!
Login !!!
Login !!!
Login !!!
Login !!!
Login !!!
Login !!!
Login !!!
Login !!!
Login !!!
Login !!!
Login !!!
Login !!!
Login !!!
Login !!!
Login !!!
Login !!!
Login !!!
Login !!!
Login !!!
Login !!!
Login !!!
Login !!!
Login !!!
Login !!!
Login !!!
Login !!!
Login !!!
Login !!!
Login !!!
Login !!!
Login !!!
Login !!!
Login !!!
Login !!!
Login !!!
Login !!!
Login !!!
Login !!!
Login !!!
Login !!!
Login !!!
Login !!!
Login !!!
Login !!!
Login !!!
Login !!!
Login !!!
Login !!!
Login !!!
Login !!!
Login !!!
Login !!!
Login !!!
Login !!!
Login !!!
Login !!!
Login !!!
Login !!!
Login !!!
Login !!!
Login !!!
Login !!!
Login !!!
Login !!!
Login !!!
Login !!!
Login !!!
Login !!!
Login !!!
Login !!!
Login !!!
Login !!!
Login !!!
Login !!!
Login !!!
Login !!!
Login !!!
Login !!!
Login !!!
Login !!!
Login !!!
Login !!!
Login !!!
Login !!!
Login !!!
Login !!!
Login !!!
Login !!!
Login !!!
Login !!!
Login !!!
Login !!!
Login !!!
Login !!!
Login !!!
Login !!!
Login !!!
Login !!!
Login !!!
Login !!!
Login !!!
Login !!!
Login !!!
Login !!!
Login !!!
Login !!!
Login !!!
Login !!!
Login !!!
Login !!!
Login !!!
Login !!!
Login !!!
Login !!!
Login !!!
Login !!!
Login !!!
Login !!!
Login !!!
Login !!!
Login !!!
Login !!!
Login !!!
Login !!!
Login !!!
Login !!!
Login !!!
Login !!!
Login !!!
Login !!!
Login !!!
Login !!!
Login !!!
Login !!!
Login !!!
Login !!!
Login !!!
Login !!!
Login !!!
Login !!!
Login !!!
Login !!!
Login !!!
Login !!!
Login !!!
Login !!!
Login !!!
Login !!!
Login !!!
Login !!!
Login !!!
Login !!!
Login !!!
Login !!!
Login !!!
Login !!!
Login !!!
Login !!!
Login !!!
Login !!!
Login !!!
Login !!!
Login !!!
Login !!!
Login !!!
Login !!!
Login !!!
Login !!!
Login !!!
Login !!!
Login !!!
Login !!!
Login !!!
Login !!!
Login !!!
Login !!!
Login !!!
Login !!!
Login !!!
Login !!!
Login !!!
Login !!!
Login !!!
Login !!!
Login !!!
Login !!!
Login !!!
Login !!!
Login !!!
Login !!!
Login !!!
Login !!!
Login !!!
Login !!!
Login !!!
Login !!!
Login !!!
Login !!!
Login !!!
Login !!!
Login !!!
Login !!!
Login !!!
Login !!!
Login !!!
Login !!!
Login !!!
Login !!!
Login !!!
Login !!!
Login !!!
Login !!!
Login !!!
Login !!!
Login !!!
Login !!!
Login !!!
Login !!!
Login !!!
Login !!!
Login !!!
Login !!!
Login !!!
Login !!!
Login !!!
Login !!!
Login !!!
Login !!!
Login !!!
Login !!!
Login !!!
Login !!!
Login !!!
Login !!!
Login !!!
Login !!!
Login !!!
Login !!!
Login !!!
Login !!!
Login !!!
Login !!!
Login !!!
Login !!!
Login !!!
Login !!!
Login !!!
Login !!!
Login !!!
Login !!!
Login !!!
Login !!!
Login !!!
Login !!!
Login !!!
Login !!!
Login !!!
Login !!!
Login !!!
Login !!!
Login !!!
Login !!!
Login !!!
Login !!!
Login !!!
Login !!!
Login !!!
Login !!!
Login !!!
Login !!!
Login !!!
Login !!!
Login !!!
Login !!!
Login !!!
Login !!!
Login !!!
Login !!!
Login !!!
Login !!!
Login !!!
Login !!!
Login !!!
Login !!!
Login !!!
Login !!!
Login !!!
Login !!!
Login !!!
Login !!!
Login !!!
Login !!!
Login !!!
Login !!!
Login !!!
Login !!!
Login !!!
Login !!!
Login !!!
Login !!!
Login !!!
Login !!!
Login !!!
Login !!!
Login !!!
Login !!!
Login !!!
Login !!!
Login !!!
Login !!!
Login !!!
Login !!!
Login !!!
Login !!!
Login !!!
Login !!!
Login !!!
Login !!!
Login !!!
Login !!!
Login !!!
Login !!!
Login !!!
Login !!!
Login !!!
Login !!!
Login !!!
Login !!!
Login !!!
Login !!!
Login !!!
Login !!!
Login !!!
Login !!!
Login !!!
Login !!!
Login !!!
Login !!!
Login !!!
Login !!!
Login !!!
Login !!!
Login !!!
Login !!!
Login !!!
Login !!!
Login !!!
Login !!!
Login !!!
Login !!!
Login !!!
Login !!!
Login !!!
Login !!!
Login !!!
Login !!!
Login !!!
Login !!!
Login !!!
Login !!!
Login !!!
Login !!!
Login !!!
Login !!!
Login !!!
Login !!!
Login !!!
Login !!!
Login !!!
Login !!!
Login !!!
Login !!!
Login !!!
Login !!!
Login !!!
Login !!!
Login !!!
Login !!!
Login !!!
Login !!!
Login !!!
Login !!!
Login !!!
Login !!!
Login !!!
Login !!!
Login !!!
Login !!!
Login !!!
Login !!!
Login !!!
Login !!!
Login !!!
Login !!!
Login !!!
Login !!!
Login !!!
Login !!!
Login !!!
Login !!!
Login !!!
Login !!!
Login !!!
Login !!!
Login !!!
Login !!!
Login !!!
Login !!!
Login !!!
Login !!!
Login !!!
Login !!!
Login !!!
Login !!!
Login !!!
Login !!!
Login !!!
Login !!!
Login !!!
Login !!!
Login !!!
Login !!!
Login !!!
Login !!!
Login !!!
Login !!!
Login !!!
Login !!!
Login !!!
Login !!!
Login !!!
Login !!!
Login !!!
Login !!!
Login !!!
Login !!!
Login !!!
Login !!!
Login !!!
Login !!!
Login !!!
Login !!!
Login !!!
Login !!!
Login !!!
Login !!!
Login !!!
Login !!!
Login !!!
Login !!!
Login !!!
Login !!!
Login !!!
Login !!!
Login !!!
Login !!!
Login !!!
Login !!!
Login !!!
Login !!!
Login !!!
Login !!!
Login !!!
Login !!!
Login !!!
Login !!!
Login !!!
Login !!!
Login !!!
Login !!!
Login !!!
Login !!!
Login !!!
Login !!!
Login !!!
Login !!!
Login !!!
Login !!!
Login !!!
Login !!!
Login !!!
Login !!!
Login !!!
Login !!!
Login !!!
Login !!!
Login !!!
Login !!!
Login !!!
Login !!!
Login !!!
Login !!!
Login !!!
Login !!!
Login !!!
Login !!!
Login !!!
Login !!!
Login !!!
Login !!!
Login !!!
Login !!!
Login !!!
Login !!!
Login !!!
Login !!!
Login !!!
Login !!!
Login !!!
Login !!!
Login !!!
Login !!!
Login !!!
Login !!!
Login !!!
Login !!!
Login !!!
Login !!!
Login !!!
Login !!!
Login !!!
Login !!!
Login !!!
Login !!!
Login !!!
Login !!!
Login !!!
Login !!!
Login !!!
Login !!!
Login !!!
Login !!!
Login !!!
Login !!!
Login !!!
Login !!!
Login !!!
Login !!!
Login !!!
Login !!!
Login !!!
Login !!!
Login !!!
Login !!!
Login !!!
Login !!!
Login !!!
Login !!!
Login !!!
Login !!!
Login !!!
Login !!!
Login !!!
Login !!!
Login !!!
Login !!!
Login !!!
Login !!!
Login !!!
Login !!!
Login !!!
Login !!!
Login !!!
Login !!!
Login !!!
Login !!!
Login !!!
Login !!!
Login !!!
Login !!!
Login !!!
Login !!!
Login !!!
Login !!!
Login !!!
Login !!!
Login !!!
Login !!!
Login !!!
Login !!!
Login !!!
Login !!!
Login !!!
Login !!!
Login !!!
Login !!!
Login !!!
Login !!!
Login !!!
Login !!!
Login !!!
Login !!!
Login !!!
Login !!!
Login !!!
Login !!!
Login !!!
Login !!!
Login !!!
Login !!!
Login !!!
Login !!!
Login !!!
Login !!!
Login !!!
Login !!!
Login !!!
Login !!!
Login !!!
Login !!!
Login !!!
Login !!!
Login !!!
Login !!!
Login !!!
Login !!!
Login !!!
Login !!!
Login !!!
Login !!!
Login !!!
Login !!!
Login !!!
Login !!!
Login !!!
Login !!!
Login !!!
Login !!!
Login !!!
Login !!!
Login !!!
Login !!!
Login !!!
Login !!!
Login !!!
Login !!!
Login !!!
Login !!!
Login !!!
Login !!!
Login !!!
Login !!!
Login !!!
Login !!!
Login !!!
Login !!!
Login !!!
Login !!!
Login !!!
Login !!!
Login !!!
Login !!!
Login !!!
Login !!!
Login !!!
Login !!!
Login !!!
Login !!!
Login !!!
Login !!!
Login !!!
Login !!!
Login !!!
Login !!!
Login !!!
Login !!!
Login !!!
Login !!!
Login !!!
Login !!!
Login !!!
Login !!!
Login !!!
Login !!!
Login !!!
Login !!!
Login !!!
Login !!!
Login !!!
Login !!!
Login !!!
Login !!!
Login !!!
Login !!!
Login !!!
Login !!!
Login !!!
Login !!!
Login !!!
Login !!!
Login !!!
Login !!!
Login !!!
Login !!!
Login !!!
Login !!!
Login !!!
Login !!!
Login !!!
Login !!!
Login !!!
Login !!!
Login !!!
Login !!!
Login !!!
Login !!!]]>
  </system-out>
</testsuite> <!-- testNgAnnotation.Flag3 -->
